TN:
SF:app.js
FN:1,(empty-report)
FNF:1
FNH:0
FNDA:0,(empty-report)
DA:1,0
DA:2,0
DA:3,0
DA:4,0
DA:5,0
DA:6,0
DA:7,0
DA:8,0
DA:9,0
DA:10,0
DA:11,0
DA:12,0
DA:13,0
DA:14,0
DA:15,0
DA:16,0
DA:17,0
DA:18,0
DA:19,0
DA:20,0
DA:21,0
DA:22,0
DA:23,0
DA:24,0
DA:25,0
DA:26,0
DA:27,0
DA:28,0
DA:29,0
DA:30,0
DA:31,0
DA:32,0
DA:33,0
DA:34,0
DA:35,0
DA:36,0
DA:37,0
DA:38,0
DA:39,0
DA:40,0
DA:41,0
DA:42,0
LF:42
LH:0
BRDA:1,0,0,0
BRF:1
BRH:0
end_of_record
TN:
SF:jest.config.ts
FN:1,(empty-report)
FNF:1
FNH:0
FNDA:0,(empty-report)
DA:1,0
DA:2,0
DA:3,0
DA:4,0
DA:5,0
DA:6,0
DA:7,0
DA:8,0
DA:9,0
DA:10,0
DA:11,0
DA:12,0
DA:13,0
DA:14,0
DA:15,0
DA:16,0
DA:17,0
DA:18,0
DA:19,0
DA:20,0
DA:21,0
DA:22,0
DA:23,0
DA:24,0
DA:25,0
DA:26,0
DA:27,0
DA:28,0
DA:29,0
DA:30,0
DA:31,0
DA:32,0
DA:33,0
DA:34,0
DA:35,0
DA:36,0
DA:37,0
DA:38,0
DA:39,0
DA:40,0
DA:41,0
DA:42,0
DA:43,0
DA:44,0
DA:45,0
DA:46,0
DA:47,0
LF:47
LH:0
BRDA:1,0,0,0
BRF:1
BRH:0
end_of_record
TN:
SF:server.js
FN:1,(empty-report)
FNF:1
FNH:0
FNDA:0,(empty-report)
DA:1,0
DA:2,0
DA:3,0
DA:4,0
DA:5,0
DA:6,0
DA:7,0
DA:8,0
DA:9,0
DA:10,0
DA:11,0
DA:12,0
DA:13,0
DA:14,0
DA:15,0
DA:16,0
DA:17,0
DA:18,0
DA:19,0
DA:20,0
DA:21,0
DA:22,0
DA:23,0
DA:24,0
DA:25,0
DA:26,0
DA:27,0
DA:28,0
DA:29,0
DA:30,0
DA:31,0
DA:32,0
DA:33,0
DA:34,0
DA:35,0
DA:36,0
DA:37,0
DA:38,0
DA:39,0
DA:40,0
DA:41,0
DA:42,0
DA:43,0
DA:44,0
DA:45,0
DA:46,0
DA:47,0
DA:48,0
LF:48
LH:0
BRDA:1,0,0,0
BRF:1
BRH:0
end_of_record
TN:
SF:controllers/address/create.js
FN:2,_regeneratorRuntime
FN:2,_regeneratorRuntime
FN:2,o
FN:2,define
FN:2,define
FN:2,wrap
FN:2,tryCatch
FN:2,Generator
FN:2,GeneratorFunction
FN:2,GeneratorFunctionPrototype
FN:2,defineIteratorMethods
FN:2,AsyncIterator
FN:2,makeInvokeMethod
FN:2,maybeInvokeDelegate
FN:2,pushTryEntry
FN:2,resetTryEntry
FN:2,Context
FN:2,values
FN:2,next
FN:2,e.isGeneratorFunction
FN:2,e.mark
FN:2,e.awrap
FN:2,e.async
FN:2,e.keys
FN:2,reset
FN:2,stop
FN:2,dispatchException
FN:2,handle
FN:2,abrupt
FN:2,complete
FN:2,finish
FN:2,_catch
FN:2,delegateYield
FN:2,asyncGeneratorStep
FN:2,_asyncToGenerator
FN:2,_next
FN:2,_throw
FN:4,_callee
FN:4,_callee$
FNF:39
FNH:25
FNDA:1,_regeneratorRuntime
FNDA:5,_regeneratorRuntime
FNDA:0,o
FNDA:13,define
FNDA:0,define
FNDA:5,wrap
FNDA:23,tryCatch
FNDA:0,Generator
FNDA:0,GeneratorFunction
FNDA:0,GeneratorFunctionPrototype
FNDA:2,defineIteratorMethods
FNDA:0,AsyncIterator
FNDA:5,makeInvokeMethod
FNDA:0,maybeInvokeDelegate
FNDA:5,pushTryEntry
FNDA:16,resetTryEntry
FNDA:5,Context
FNDA:1,values
FNDA:0,next
FNDA:0,e.isGeneratorFunction
FNDA:1,e.mark
FNDA:0,e.awrap
FNDA:0,e.async
FNDA:0,e.keys
FNDA:5,reset
FNDA:5,stop
FNDA:1,dispatchException
FNDA:1,handle
FNDA:0,abrupt
FNDA:5,complete
FNDA:5,finish
FNDA:1,_catch
FNDA:0,delegateYield
FNDA:18,asyncGeneratorStep
FNDA:1,_asyncToGenerator
FNDA:17,_next
FNDA:1,_throw
FNDA:5,_callee
FNDA:23,_callee$
DA:1,1
DA:2,1
DA:3,1
DA:4,1
DA:5,5
DA:6,5
DA:7,5
DA:8,5
DA:9,5
DA:10,5
DA:11,5
DA:12,5
DA:13,5
DA:14,5
DA:15,5
DA:16,5
DA:17,5
DA:18,5
DA:19,5
DA:20,5
DA:21,4
DA:22,3
DA:23,3
DA:24,3
DA:25,3
DA:26,3
DA:27,3
DA:28,3
DA:29,3
DA:30,3
DA:31,3
DA:32,3
DA:33,3
DA:34,3
DA:35,3
DA:36,3
DA:37,1
DA:38,1
DA:39,1
DA:40,1
DA:41,1
DA:42,1
DA:43,1
DA:44,1
DA:45,1
DA:46,5
DA:47,5
DA:48,1
DA:49,1
LF:49
LH:49
BRDA:2,0,0,1
BRDA:2,1,0,0
BRDA:2,2,0,0
BRDA:2,3,0,0
BRDA:2,4,0,0
BRDA:2,5,0,0
BRDA:2,6,0,0
BRDA:2,7,0,5
BRDA:2,8,0,13
BRDA:2,9,0,5
BRDA:2,10,0,0
BRDA:2,11,0,0
BRDA:2,12,0,23
BRDA:2,13,0,0
BRDA:2,14,0,2
BRDA:2,15,0,6
BRDA:2,16,0,18
BRDA:2,17,0,5
BRDA:2,18,0,18
BRDA:2,19,0,0
BRDA:2,20,0,0
BRDA:2,21,0,23
BRDA:2,22,0,0
BRDA:2,23,0,22
BRDA:2,24,0,1
BRDA:2,25,0,0
BRDA:2,26,0,0
BRDA:2,27,0,5
BRDA:2,28,0,18
BRDA:2,29,0,5
BRDA:2,30,0,18
BRDA:2,31,0,0
BRDA:2,32,0,5
BRDA:2,33,0,16
BRDA:2,34,0,10
BRDA:2,35,0,5
BRDA:2,36,0,1
BRDA:2,37,0,0
BRDA:2,38,0,0
BRDA:2,39,0,0
BRDA:2,40,0,1
BRDA:2,41,0,0
BRDA:2,42,0,5
BRDA:2,43,0,0
BRDA:2,44,0,5
BRDA:2,45,0,0
BRDA:2,46,0,1
BRDA:2,47,0,0
BRDA:2,48,0,0
BRDA:2,49,0,0
BRDA:2,50,0,0
BRDA:2,51,0,1
BRDA:2,52,0,5
BRDA:2,53,0,0
BRDA:2,54,0,0
BRDA:2,55,0,0
BRDA:2,56,0,5
BRDA:2,57,0,1
BRDA:2,58,0,0
BRDA:2,59,0,18
BRDA:2,60,0,0
BRDA:2,61,0,5
BRDA:2,62,0,13
BRDA:2,63,0,1
BRDA:2,64,0,5
BRDA:2,65,0,5
BRDA:2,66,0,17
BRDA:2,67,0,1
BRDA:4,68,0,1
BRDA:4,69,0,5
BRDA:4,70,0,23
BRDA:4,71,0,31
BRDA:4,72,0,5
BRDA:20,73,0,4
BRDA:21,74,0,2
BRDA:21,75,0,1
BRDA:21,76,0,3
BRDA:34,77,0,3
BRDA:37,78,0,1
BRDA:39,79,0,1
BRDA:46,80,0,5
BRDA:47,81,0,5
BRDA:47,82,0,5
BRDA:47,83,0,5
BRDA:49,84,0,5
BRF:85
BRH:55
end_of_record
TN:
SF:controllers/address/delete.js
FN:2,_regeneratorRuntime
FN:2,_regeneratorRuntime
FN:2,o
FN:2,define
FN:2,define
FN:2,wrap
FN:2,tryCatch
FN:2,Generator
FN:2,GeneratorFunction
FN:2,GeneratorFunctionPrototype
FN:2,defineIteratorMethods
FN:2,AsyncIterator
FN:2,makeInvokeMethod
FN:2,maybeInvokeDelegate
FN:2,pushTryEntry
FN:2,resetTryEntry
FN:2,Context
FN:2,values
FN:2,next
FN:2,e.isGeneratorFunction
FN:2,e.mark
FN:2,e.awrap
FN:2,e.async
FN:2,e.keys
FN:2,reset
FN:2,stop
FN:2,dispatchException
FN:2,handle
FN:2,abrupt
FN:2,complete
FN:2,finish
FN:2,_catch
FN:2,delegateYield
FN:2,asyncGeneratorStep
FN:2,_asyncToGenerator
FN:2,_next
FN:2,_throw
FN:4,_callee
FN:4,_callee$
FNF:39
FNH:25
FNDA:1,_regeneratorRuntime
FNDA:5,_regeneratorRuntime
FNDA:0,o
FNDA:13,define
FNDA:0,define
FNDA:5,wrap
FNDA:27,tryCatch
FNDA:0,Generator
FNDA:0,GeneratorFunction
FNDA:0,GeneratorFunctionPrototype
FNDA:2,defineIteratorMethods
FNDA:0,AsyncIterator
FNDA:5,makeInvokeMethod
FNDA:0,maybeInvokeDelegate
FNDA:5,pushTryEntry
FNDA:16,resetTryEntry
FNDA:5,Context
FNDA:1,values
FNDA:0,next
FNDA:0,e.isGeneratorFunction
FNDA:1,e.mark
FNDA:0,e.awrap
FNDA:0,e.async
FNDA:0,e.keys
FNDA:5,reset
FNDA:5,stop
FNDA:1,dispatchException
FNDA:1,handle
FNDA:0,abrupt
FNDA:5,complete
FNDA:5,finish
FNDA:1,_catch
FNDA:0,delegateYield
FNDA:22,asyncGeneratorStep
FNDA:1,_asyncToGenerator
FNDA:21,_next
FNDA:1,_throw
FNDA:5,_callee
FNDA:27,_callee$
DA:1,1
DA:2,1
DA:3,1
DA:4,1
DA:5,5
DA:6,5
DA:7,5
DA:8,5
DA:9,5
DA:10,5
DA:11,5
DA:12,5
DA:13,5
DA:14,5
DA:15,5
DA:16,5
DA:17,5
DA:18,5
DA:19,4
DA:20,4
DA:21,4
DA:22,4
DA:23,4
DA:24,4
DA:25,3
DA:26,3
DA:27,3
DA:28,3
DA:29,3
DA:30,3
DA:31,3
DA:32,1
DA:33,1
DA:34,1
DA:35,1
DA:36,1
DA:37,1
DA:38,1
DA:39,1
DA:40,1
DA:41,5
DA:42,5
DA:43,1
DA:44,1
LF:44
LH:44
BRDA:2,0,0,1
BRDA:2,1,0,0
BRDA:2,2,0,0
BRDA:2,3,0,0
BRDA:2,4,0,0
BRDA:2,5,0,0
BRDA:2,6,0,0
BRDA:2,7,0,5
BRDA:2,8,0,13
BRDA:2,9,0,5
BRDA:2,10,0,0
BRDA:2,11,0,0
BRDA:2,12,0,27
BRDA:2,13,0,0
BRDA:2,14,0,2
BRDA:2,15,0,6
BRDA:2,16,0,22
BRDA:2,17,0,5
BRDA:2,18,0,22
BRDA:2,19,0,0
BRDA:2,20,0,0
BRDA:2,21,0,27
BRDA:2,22,0,0
BRDA:2,23,0,26
BRDA:2,24,0,1
BRDA:2,25,0,0
BRDA:2,26,0,0
BRDA:2,27,0,5
BRDA:2,28,0,22
BRDA:2,29,0,5
BRDA:2,30,0,22
BRDA:2,31,0,0
BRDA:2,32,0,5
BRDA:2,33,0,16
BRDA:2,34,0,10
BRDA:2,35,0,5
BRDA:2,36,0,1
BRDA:2,37,0,0
BRDA:2,38,0,0
BRDA:2,39,0,0
BRDA:2,40,0,1
BRDA:2,41,0,0
BRDA:2,42,0,5
BRDA:2,43,0,0
BRDA:2,44,0,5
BRDA:2,45,0,0
BRDA:2,46,0,1
BRDA:2,47,0,0
BRDA:2,48,0,0
BRDA:2,49,0,0
BRDA:2,50,0,0
BRDA:2,51,0,1
BRDA:2,52,0,5
BRDA:2,53,0,0
BRDA:2,54,0,0
BRDA:2,55,0,0
BRDA:2,56,0,5
BRDA:2,57,0,1
BRDA:2,58,0,0
BRDA:2,59,0,22
BRDA:2,60,0,0
BRDA:2,61,0,5
BRDA:2,62,0,17
BRDA:2,63,0,1
BRDA:2,64,0,5
BRDA:2,65,0,5
BRDA:2,66,0,21
BRDA:2,67,0,1
BRDA:4,68,0,1
BRDA:4,69,0,5
BRDA:4,70,0,27
BRDA:4,71,0,35
BRDA:4,72,0,5
BRDA:18,73,0,4
BRDA:22,74,0,4
BRDA:24,75,0,2
BRDA:24,76,0,1
BRDA:24,77,0,3
BRDA:27,78,0,3
BRDA:32,79,0,1
BRDA:34,80,0,1
BRDA:41,81,0,5
BRDA:42,82,0,5
BRDA:42,83,0,5
BRDA:42,84,0,5
BRDA:44,85,0,5
BRF:86
BRH:56
end_of_record
TN:
SF:controllers/comment/create.js
FN:2,_regeneratorRuntime
FN:2,_regeneratorRuntime
FN:2,o
FN:2,define
FN:2,define
FN:2,wrap
FN:2,tryCatch
FN:2,Generator
FN:2,GeneratorFunction
FN:2,GeneratorFunctionPrototype
FN:2,defineIteratorMethods
FN:2,AsyncIterator
FN:2,makeInvokeMethod
FN:2,maybeInvokeDelegate
FN:2,pushTryEntry
FN:2,resetTryEntry
FN:2,Context
FN:2,values
FN:2,next
FN:2,e.isGeneratorFunction
FN:2,e.mark
FN:2,e.awrap
FN:2,e.async
FN:2,e.keys
FN:2,reset
FN:2,stop
FN:2,dispatchException
FN:2,handle
FN:2,abrupt
FN:2,complete
FN:2,finish
FN:2,_catch
FN:2,delegateYield
FN:2,asyncGeneratorStep
FN:2,_asyncToGenerator
FN:2,_next
FN:2,_throw
FN:4,_callee
FN:4,_callee$
FNF:39
FNH:25
FNDA:1,_regeneratorRuntime
FNDA:2,_regeneratorRuntime
FNDA:0,o
FNDA:13,define
FNDA:0,define
FNDA:2,wrap
FNDA:8,tryCatch
FNDA:0,Generator
FNDA:0,GeneratorFunction
FNDA:0,GeneratorFunctionPrototype
FNDA:2,defineIteratorMethods
FNDA:0,AsyncIterator
FNDA:2,makeInvokeMethod
FNDA:0,maybeInvokeDelegate
FNDA:2,pushTryEntry
FNDA:7,resetTryEntry
FNDA:2,Context
FNDA:1,values
FNDA:0,next
FNDA:0,e.isGeneratorFunction
FNDA:1,e.mark
FNDA:0,e.awrap
FNDA:0,e.async
FNDA:0,e.keys
FNDA:2,reset
FNDA:2,stop
FNDA:1,dispatchException
FNDA:1,handle
FNDA:0,abrupt
FNDA:2,complete
FNDA:2,finish
FNDA:1,_catch
FNDA:0,delegateYield
FNDA:6,asyncGeneratorStep
FNDA:1,_asyncToGenerator
FNDA:5,_next
FNDA:1,_throw
FNDA:2,_callee
FNDA:8,_callee$
DA:1,1
DA:2,1
DA:3,1
DA:4,1
DA:5,2
DA:6,2
DA:7,2
DA:8,2
DA:9,2
DA:10,2
DA:11,2
DA:12,2
DA:13,2
DA:14,2
DA:15,2
DA:16,2
DA:17,2
DA:18,2
DA:19,2
DA:20,2
DA:21,2
DA:22,2
DA:23,2
DA:24,2
DA:25,2
DA:26,1
DA:27,1
DA:28,1
DA:29,1
DA:30,1
DA:31,1
DA:32,1
DA:33,1
DA:34,1
DA:35,1
DA:36,2
DA:37,2
DA:38,1
DA:39,1
LF:39
LH:39
BRDA:2,0,0,1
BRDA:2,1,0,0
BRDA:2,2,0,0
BRDA:2,3,0,0
BRDA:2,4,0,0
BRDA:2,5,0,0
BRDA:2,6,0,0
BRDA:2,7,0,2
BRDA:2,8,0,13
BRDA:2,9,0,2
BRDA:2,10,0,0
BRDA:2,11,0,0
BRDA:2,12,0,8
BRDA:2,13,0,0
BRDA:2,14,0,2
BRDA:2,15,0,6
BRDA:2,16,0,6
BRDA:2,17,0,2
BRDA:2,18,0,6
BRDA:2,19,0,0
BRDA:2,20,0,0
BRDA:2,21,0,8
BRDA:2,22,0,0
BRDA:2,23,0,7
BRDA:2,24,0,1
BRDA:2,25,0,0
BRDA:2,26,0,0
BRDA:2,27,0,2
BRDA:2,28,0,6
BRDA:2,29,0,2
BRDA:2,30,0,6
BRDA:2,31,0,0
BRDA:2,32,0,2
BRDA:2,33,0,7
BRDA:2,34,0,4
BRDA:2,35,0,2
BRDA:2,36,0,1
BRDA:2,37,0,0
BRDA:2,38,0,0
BRDA:2,39,0,0
BRDA:2,40,0,1
BRDA:2,41,0,0
BRDA:2,42,0,2
BRDA:2,43,0,0
BRDA:2,44,0,2
BRDA:2,45,0,0
BRDA:2,46,0,1
BRDA:2,47,0,0
BRDA:2,48,0,0
BRDA:2,49,0,0
BRDA:2,50,0,0
BRDA:2,51,0,1
BRDA:2,52,0,2
BRDA:2,53,0,0
BRDA:2,54,0,0
BRDA:2,55,0,0
BRDA:2,56,0,2
BRDA:2,57,0,1
BRDA:2,58,0,0
BRDA:2,59,0,6
BRDA:2,60,0,0
BRDA:2,61,0,2
BRDA:2,62,0,4
BRDA:2,63,0,1
BRDA:2,64,0,2
BRDA:2,65,0,2
BRDA:2,66,0,5
BRDA:2,67,0,1
BRDA:4,68,0,1
BRDA:4,69,0,2
BRDA:4,70,0,8
BRDA:4,71,0,9
BRDA:4,72,0,2
BRDA:25,73,0,1
BRDA:28,74,0,1
BRDA:31,75,0,0
BRDA:36,76,0,2
BRDA:37,77,0,2
BRDA:37,78,0,2
BRDA:37,79,0,2
BRDA:39,80,0,2
BRF:81
BRH:50
end_of_record
TN:
SF:controllers/comment/delete.js
FN:2,_regeneratorRuntime
FN:2,_regeneratorRuntime
FN:2,o
FN:2,define
FN:2,define
FN:2,wrap
FN:2,tryCatch
FN:2,Generator
FN:2,GeneratorFunction
FN:2,GeneratorFunctionPrototype
FN:2,defineIteratorMethods
FN:2,AsyncIterator
FN:2,makeInvokeMethod
FN:2,maybeInvokeDelegate
FN:2,pushTryEntry
FN:2,resetTryEntry
FN:2,Context
FN:2,values
FN:2,next
FN:2,e.isGeneratorFunction
FN:2,e.mark
FN:2,e.awrap
FN:2,e.async
FN:2,e.keys
FN:2,reset
FN:2,stop
FN:2,dispatchException
FN:2,handle
FN:2,abrupt
FN:2,complete
FN:2,finish
FN:2,_catch
FN:2,delegateYield
FN:2,asyncGeneratorStep
FN:2,_asyncToGenerator
FN:2,_next
FN:2,_throw
FN:4,_callee
FN:4,_callee$
FNF:39
FNH:26
FNDA:1,_regeneratorRuntime
FNDA:4,_regeneratorRuntime
FNDA:0,o
FNDA:13,define
FNDA:0,define
FNDA:4,wrap
FNDA:22,tryCatch
FNDA:0,Generator
FNDA:0,GeneratorFunction
FNDA:0,GeneratorFunctionPrototype
FNDA:2,defineIteratorMethods
FNDA:0,AsyncIterator
FNDA:4,makeInvokeMethod
FNDA:0,maybeInvokeDelegate
FNDA:4,pushTryEntry
FNDA:13,resetTryEntry
FNDA:4,Context
FNDA:1,values
FNDA:0,next
FNDA:0,e.isGeneratorFunction
FNDA:1,e.mark
FNDA:0,e.awrap
FNDA:0,e.async
FNDA:0,e.keys
FNDA:4,reset
FNDA:4,stop
FNDA:1,dispatchException
FNDA:1,handle
FNDA:2,abrupt
FNDA:5,complete
FNDA:4,finish
FNDA:1,_catch
FNDA:0,delegateYield
FNDA:17,asyncGeneratorStep
FNDA:1,_asyncToGenerator
FNDA:16,_next
FNDA:1,_throw
FNDA:4,_callee
FNDA:22,_callee$
DA:1,1
DA:2,1
DA:3,1
DA:4,1
DA:5,4
DA:6,4
DA:7,4
DA:8,4
DA:9,4
DA:10,4
DA:11,4
DA:12,4
DA:13,4
DA:14,4
DA:15,4
DA:16,4
DA:17,4
DA:18,4
DA:19,4
DA:20,4
DA:21,4
DA:22,4
DA:23,4
DA:24,3
DA:25,3
DA:26,1
DA:27,2
DA:28,2
DA:29,2
DA:30,1
DA:31,1
DA:32,1
DA:33,1
DA:34,1
DA:35,1
DA:36,1
DA:37,1
DA:38,1
DA:39,1
DA:40,1
DA:41,1
DA:42,1
DA:43,1
DA:44,4
DA:45,4
DA:46,1
DA:47,1
LF:47
LH:47
BRDA:2,0,0,1
BRDA:2,1,0,0
BRDA:2,2,0,0
BRDA:2,3,0,0
BRDA:2,4,0,0
BRDA:2,5,0,0
BRDA:2,6,0,0
BRDA:2,7,0,4
BRDA:2,8,0,13
BRDA:2,9,0,4
BRDA:2,10,0,0
BRDA:2,11,0,0
BRDA:2,12,0,22
BRDA:2,13,0,0
BRDA:2,14,0,2
BRDA:2,15,0,6
BRDA:2,16,0,17
BRDA:2,17,0,4
BRDA:2,18,0,17
BRDA:2,19,0,0
BRDA:2,20,0,0
BRDA:2,21,0,22
BRDA:2,22,0,0
BRDA:2,23,0,20
BRDA:2,24,0,2
BRDA:2,25,0,1
BRDA:2,26,0,0
BRDA:2,27,0,4
BRDA:2,28,0,18
BRDA:2,29,0,5
BRDA:2,30,0,17
BRDA:2,31,0,0
BRDA:2,32,0,4
BRDA:2,33,0,13
BRDA:2,34,0,8
BRDA:2,35,0,4
BRDA:2,36,0,1
BRDA:2,37,0,0
BRDA:2,38,0,0
BRDA:2,39,0,0
BRDA:2,40,0,1
BRDA:2,41,0,0
BRDA:2,42,0,4
BRDA:2,43,0,0
BRDA:2,44,0,4
BRDA:2,45,0,0
BRDA:2,46,0,1
BRDA:2,47,0,0
BRDA:2,48,0,0
BRDA:2,49,0,0
BRDA:2,50,0,0
BRDA:2,51,0,1
BRDA:2,52,0,2
BRDA:2,53,0,3
BRDA:2,54,0,2
BRDA:2,55,0,2
BRDA:2,56,0,1
BRDA:2,57,0,1
BRDA:2,58,0,0
BRDA:2,59,0,0
BRDA:2,60,0,0
BRDA:2,61,0,1
BRDA:2,62,0,1
BRDA:2,63,0,1
BRDA:2,64,0,1
BRDA:2,65,0,5
BRDA:2,66,0,0
BRDA:2,67,0,0
BRDA:2,68,0,2
BRDA:2,69,0,3
BRDA:2,70,0,4
BRDA:2,71,0,1
BRDA:2,72,0,0
BRDA:2,73,0,17
BRDA:2,74,0,0
BRDA:2,75,0,4
BRDA:2,76,0,13
BRDA:2,77,0,1
BRDA:2,78,0,4
BRDA:2,79,0,4
BRDA:2,80,0,16
BRDA:2,81,0,1
BRDA:4,82,0,1
BRDA:4,83,0,4
BRDA:4,84,0,22
BRDA:4,85,0,28
BRDA:4,86,0,4
BRDA:17,87,0,4
BRDA:23,88,0,3
BRDA:25,89,0,2
BRDA:25,90,0,1
BRDA:26,91,0,2
BRDA:29,92,0,1
BRDA:29,93,0,1
BRDA:32,94,0,1
BRDA:35,95,0,1
BRDA:37,96,0,1
BRDA:41,97,0,0
BRDA:44,98,0,4
BRDA:45,99,0,4
BRDA:45,100,0,3
BRDA:45,101,0,4
BRDA:47,102,0,4
BRF:103
BRH:71
end_of_record
TN:
SF:controllers/comment/update.js
FN:2,_regeneratorRuntime
FN:2,_regeneratorRuntime
FN:2,o
FN:2,define
FN:2,define
FN:2,wrap
FN:2,tryCatch
FN:2,Generator
FN:2,GeneratorFunction
FN:2,GeneratorFunctionPrototype
FN:2,defineIteratorMethods
FN:2,AsyncIterator
FN:2,makeInvokeMethod
FN:2,maybeInvokeDelegate
FN:2,pushTryEntry
FN:2,resetTryEntry
FN:2,Context
FN:2,values
FN:2,next
FN:2,e.isGeneratorFunction
FN:2,e.mark
FN:2,e.awrap
FN:2,e.async
FN:2,e.keys
FN:2,reset
FN:2,stop
FN:2,dispatchException
FN:2,handle
FN:2,abrupt
FN:2,complete
FN:2,finish
FN:2,_catch
FN:2,delegateYield
FN:2,asyncGeneratorStep
FN:2,_asyncToGenerator
FN:2,_next
FN:2,_throw
FN:4,_callee
FN:4,_callee$
FNF:39
FNH:26
FNDA:1,_regeneratorRuntime
FNDA:4,_regeneratorRuntime
FNDA:0,o
FNDA:13,define
FNDA:0,define
FNDA:4,wrap
FNDA:20,tryCatch
FNDA:0,Generator
FNDA:0,GeneratorFunction
FNDA:0,GeneratorFunctionPrototype
FNDA:2,defineIteratorMethods
FNDA:0,AsyncIterator
FNDA:4,makeInvokeMethod
FNDA:0,maybeInvokeDelegate
FNDA:4,pushTryEntry
FNDA:14,resetTryEntry
FNDA:4,Context
FNDA:1,values
FNDA:0,next
FNDA:0,e.isGeneratorFunction
FNDA:1,e.mark
FNDA:0,e.awrap
FNDA:0,e.async
FNDA:0,e.keys
FNDA:4,reset
FNDA:4,stop
FNDA:2,dispatchException
FNDA:2,handle
FNDA:2,abrupt
FNDA:5,complete
FNDA:4,finish
FNDA:2,_catch
FNDA:0,delegateYield
FNDA:15,asyncGeneratorStep
FNDA:1,_asyncToGenerator
FNDA:13,_next
FNDA:2,_throw
FNDA:4,_callee
FNDA:20,_callee$
DA:1,1
DA:2,1
DA:3,1
DA:4,1
DA:5,4
DA:6,4
DA:7,4
DA:8,4
DA:9,4
DA:10,4
DA:11,4
DA:12,4
DA:13,4
DA:14,4
DA:15,4
DA:16,4
DA:17,4
DA:18,4
DA:19,4
DA:20,4
DA:21,3
DA:22,3
DA:23,3
DA:24,3
DA:25,3
DA:26,3
DA:27,1
DA:28,1
DA:29,1
DA:30,1
DA:31,2
DA:32,2
DA:33,2
DA:34,4
DA:35,4
DA:36,1
DA:37,1
LF:37
LH:37
BRDA:2,0,0,1
BRDA:2,1,0,0
BRDA:2,2,0,0
BRDA:2,3,0,0
BRDA:2,4,0,0
BRDA:2,5,0,0
BRDA:2,6,0,0
BRDA:2,7,0,4
BRDA:2,8,0,13
BRDA:2,9,0,4
BRDA:2,10,0,0
BRDA:2,11,0,0
BRDA:2,12,0,20
BRDA:2,13,0,0
BRDA:2,14,0,2
BRDA:2,15,0,6
BRDA:2,16,0,15
BRDA:2,17,0,4
BRDA:2,18,0,15
BRDA:2,19,0,0
BRDA:2,20,0,0
BRDA:2,21,0,20
BRDA:2,22,0,0
BRDA:2,23,0,17
BRDA:2,24,0,3
BRDA:2,25,0,2
BRDA:2,26,0,0
BRDA:2,27,0,1
BRDA:2,28,0,4
BRDA:2,29,0,16
BRDA:2,30,0,5
BRDA:2,31,0,15
BRDA:2,32,0,0
BRDA:2,33,0,4
BRDA:2,34,0,14
BRDA:2,35,0,8
BRDA:2,36,0,4
BRDA:2,37,0,1
BRDA:2,38,0,0
BRDA:2,39,0,0
BRDA:2,40,0,0
BRDA:2,41,0,1
BRDA:2,42,0,0
BRDA:2,43,0,4
BRDA:2,44,0,0
BRDA:2,45,0,4
BRDA:2,46,0,0
BRDA:2,47,0,2
BRDA:2,48,0,0
BRDA:2,49,0,0
BRDA:2,50,0,0
BRDA:2,51,0,0
BRDA:2,52,0,2
BRDA:2,53,0,2
BRDA:2,54,0,3
BRDA:2,55,0,2
BRDA:2,56,0,2
BRDA:2,57,0,1
BRDA:2,58,0,1
BRDA:2,59,0,0
BRDA:2,60,0,0
BRDA:2,61,0,0
BRDA:2,62,0,1
BRDA:2,63,0,1
BRDA:2,64,0,1
BRDA:2,65,0,1
BRDA:2,66,0,5
BRDA:2,67,0,0
BRDA:2,68,0,0
BRDA:2,69,0,2
BRDA:2,70,0,3
BRDA:2,71,0,4
BRDA:2,72,0,2
BRDA:2,73,0,0
BRDA:2,74,0,15
BRDA:2,75,0,0
BRDA:2,76,0,4
BRDA:2,77,0,11
BRDA:2,78,0,1
BRDA:2,79,0,4
BRDA:2,80,0,4
BRDA:2,81,0,13
BRDA:2,82,0,2
BRDA:4,83,0,1
BRDA:4,84,0,4
BRDA:4,85,0,20
BRDA:4,86,0,23
BRDA:4,87,0,4
BRDA:18,88,0,4
BRDA:20,89,0,1
BRDA:20,90,0,1
BRDA:20,91,0,3
BRDA:26,92,0,1
BRDA:29,93,0,1
BRDA:30,94,0,1
BRDA:30,95,0,2
BRDA:34,96,0,4
BRDA:35,97,0,4
BRDA:35,98,0,3
BRDA:35,99,0,4
BRDA:37,100,0,4
BRF:101
BRH:70
end_of_record
TN:
SF:controllers/plant/addGuardian.js
FN:2,_regeneratorRuntime
FN:2,_regeneratorRuntime
FN:2,o
FN:2,define
FN:2,define
FN:2,wrap
FN:2,tryCatch
FN:2,Generator
FN:2,GeneratorFunction
FN:2,GeneratorFunctionPrototype
FN:2,defineIteratorMethods
FN:2,AsyncIterator
FN:2,makeInvokeMethod
FN:2,maybeInvokeDelegate
FN:2,pushTryEntry
FN:2,resetTryEntry
FN:2,Context
FN:2,values
FN:2,next
FN:2,e.isGeneratorFunction
FN:2,e.mark
FN:2,e.awrap
FN:2,e.async
FN:2,e.keys
FN:2,reset
FN:2,stop
FN:2,dispatchException
FN:2,handle
FN:2,abrupt
FN:2,complete
FN:2,finish
FN:2,_catch
FN:2,delegateYield
FN:2,asyncGeneratorStep
FN:2,_asyncToGenerator
FN:2,_next
FN:2,_throw
FN:4,_callee
FN:4,_callee$
FNF:39
FNH:26
FNDA:1,_regeneratorRuntime
FNDA:5,_regeneratorRuntime
FNDA:0,o
FNDA:13,define
FNDA:0,define
FNDA:5,wrap
FNDA:28,tryCatch
FNDA:0,Generator
FNDA:0,GeneratorFunction
FNDA:0,GeneratorFunctionPrototype
FNDA:2,defineIteratorMethods
FNDA:0,AsyncIterator
FNDA:5,makeInvokeMethod
FNDA:0,maybeInvokeDelegate
FNDA:5,pushTryEntry
FNDA:16,resetTryEntry
FNDA:5,Context
FNDA:1,values
FNDA:0,next
FNDA:0,e.isGeneratorFunction
FNDA:1,e.mark
FNDA:0,e.awrap
FNDA:0,e.async
FNDA:0,e.keys
FNDA:5,reset
FNDA:5,stop
FNDA:1,dispatchException
FNDA:1,handle
FNDA:4,abrupt
FNDA:7,complete
FNDA:5,finish
FNDA:1,_catch
FNDA:0,delegateYield
FNDA:21,asyncGeneratorStep
FNDA:1,_asyncToGenerator
FNDA:20,_next
FNDA:1,_throw
FNDA:5,_callee
FNDA:28,_callee$
DA:1,1
DA:2,1
DA:3,1
DA:4,1
DA:5,5
DA:6,5
DA:7,5
DA:8,5
DA:9,5
DA:10,5
DA:11,5
DA:12,5
DA:13,5
DA:14,5
DA:15,5
DA:16,4
DA:17,4
DA:18,4
DA:19,4
DA:20,4
DA:21,4
DA:22,4
DA:23,4
DA:24,4
DA:25,4
DA:26,4
DA:27,4
DA:28,4
DA:29,4
DA:30,1
DA:31,3
DA:32,3
DA:33,3
DA:34,1
DA:35,2
DA:36,2
DA:37,2
DA:38,2
DA:39,2
DA:40,2
DA:41,2
DA:42,2
DA:43,2
DA:44,2
DA:45,2
DA:46,2
DA:47,2
DA:48,2
DA:49,2
DA:50,2
DA:51,2
DA:52,2
DA:53,2
DA:54,2
DA:55,1
DA:56,1
DA:57,1
DA:58,1
DA:59,1
DA:60,1
DA:61,1
DA:62,5
DA:63,5
DA:64,1
DA:65,1
LF:65
LH:65
BRDA:2,0,0,1
BRDA:2,1,0,0
BRDA:2,2,0,0
BRDA:2,3,0,0
BRDA:2,4,0,0
BRDA:2,5,0,0
BRDA:2,6,0,0
BRDA:2,7,0,5
BRDA:2,8,0,13
BRDA:2,9,0,5
BRDA:2,10,0,0
BRDA:2,11,0,0
BRDA:2,12,0,28
BRDA:2,13,0,0
BRDA:2,14,0,2
BRDA:2,15,0,6
BRDA:2,16,0,21
BRDA:2,17,0,5
BRDA:2,18,0,21
BRDA:2,19,0,0
BRDA:2,20,0,0
BRDA:2,21,0,28
BRDA:2,22,0,0
BRDA:2,23,0,25
BRDA:2,24,0,3
BRDA:2,25,0,1
BRDA:2,26,0,0
BRDA:2,27,0,2
BRDA:2,28,0,5
BRDA:2,29,0,23
BRDA:2,30,0,7
BRDA:2,31,0,21
BRDA:2,32,0,0
BRDA:2,33,0,5
BRDA:2,34,0,16
BRDA:2,35,0,10
BRDA:2,36,0,5
BRDA:2,37,0,1
BRDA:2,38,0,0
BRDA:2,39,0,0
BRDA:2,40,0,0
BRDA:2,41,0,1
BRDA:2,42,0,0
BRDA:2,43,0,5
BRDA:2,44,0,0
BRDA:2,45,0,5
BRDA:2,46,0,0
BRDA:2,47,0,1
BRDA:2,48,0,0
BRDA:2,49,0,0
BRDA:2,50,0,0
BRDA:2,51,0,0
BRDA:2,52,0,1
BRDA:2,53,0,4
BRDA:2,54,0,6
BRDA:2,55,0,4
BRDA:2,56,0,4
BRDA:2,57,0,2
BRDA:2,58,0,2
BRDA:2,59,0,0
BRDA:2,60,0,0
BRDA:2,61,0,0
BRDA:2,62,0,2
BRDA:2,63,0,2
BRDA:2,64,0,2
BRDA:2,65,0,2
BRDA:2,66,0,7
BRDA:2,67,0,0
BRDA:2,68,0,0
BRDA:2,69,0,4
BRDA:2,70,0,3
BRDA:2,71,0,5
BRDA:2,72,0,1
BRDA:2,73,0,0
BRDA:2,74,0,21
BRDA:2,75,0,0
BRDA:2,76,0,5
BRDA:2,77,0,16
BRDA:2,78,0,1
BRDA:2,79,0,5
BRDA:2,80,0,5
BRDA:2,81,0,20
BRDA:2,82,0,1
BRDA:4,83,0,1
BRDA:4,84,0,5
BRDA:4,85,0,28
BRDA:4,86,0,35
BRDA:4,87,0,5
BRDA:15,88,0,4
BRDA:27,89,0,4
BRDA:29,90,0,3
BRDA:29,91,0,1
BRDA:30,92,0,3
BRDA:33,93,0,2
BRDA:33,94,0,1
BRDA:34,95,0,2
BRDA:50,96,0,2
BRDA:55,97,0,1
BRDA:62,98,0,5
BRDA:63,99,0,5
BRDA:63,100,0,3
BRDA:63,101,0,5
BRDA:65,102,0,5
BRF:103
BRH:72
end_of_record
TN:
SF:controllers/plant/create.js
FN:2,_regeneratorRuntime
FN:2,_regeneratorRuntime
FN:2,o
FN:2,define
FN:2,define
FN:2,wrap
FN:2,tryCatch
FN:2,Generator
FN:2,GeneratorFunction
FN:2,GeneratorFunctionPrototype
FN:2,defineIteratorMethods
FN:2,AsyncIterator
FN:2,makeInvokeMethod
FN:2,maybeInvokeDelegate
FN:2,pushTryEntry
FN:2,resetTryEntry
FN:2,Context
FN:2,values
FN:2,next
FN:2,e.isGeneratorFunction
FN:2,e.mark
FN:2,e.awrap
FN:2,e.async
FN:2,e.keys
FN:2,reset
FN:2,stop
FN:2,dispatchException
FN:2,handle
FN:2,abrupt
FN:2,complete
FN:2,finish
FN:2,_catch
FN:2,delegateYield
FN:2,asyncGeneratorStep
FN:2,_asyncToGenerator
FN:2,_next
FN:2,_throw
FN:4,_callee
FN:4,_callee$
FNF:39
FNH:25
FNDA:1,_regeneratorRuntime
FNDA:5,_regeneratorRuntime
FNDA:0,o
FNDA:13,define
FNDA:0,define
FNDA:5,wrap
FNDA:23,tryCatch
FNDA:0,Generator
FNDA:0,GeneratorFunction
FNDA:0,GeneratorFunctionPrototype
FNDA:2,defineIteratorMethods
FNDA:0,AsyncIterator
FNDA:5,makeInvokeMethod
FNDA:0,maybeInvokeDelegate
FNDA:5,pushTryEntry
FNDA:16,resetTryEntry
FNDA:5,Context
FNDA:1,values
FNDA:0,next
FNDA:0,e.isGeneratorFunction
FNDA:1,e.mark
FNDA:0,e.awrap
FNDA:0,e.async
FNDA:0,e.keys
FNDA:5,reset
FNDA:5,stop
FNDA:1,dispatchException
FNDA:1,handle
FNDA:0,abrupt
FNDA:5,complete
FNDA:5,finish
FNDA:1,_catch
FNDA:0,delegateYield
FNDA:18,asyncGeneratorStep
FNDA:1,_asyncToGenerator
FNDA:17,_next
FNDA:1,_throw
FNDA:5,_callee
FNDA:23,_callee$
DA:1,1
DA:2,1
DA:3,1
DA:4,1
DA:5,5
DA:6,5
DA:7,5
DA:8,5
DA:9,5
DA:10,5
DA:11,5
DA:12,5
DA:13,5
DA:14,5
DA:15,5
DA:16,4
DA:17,4
DA:18,3
DA:19,3
DA:20,3
DA:21,3
DA:22,3
DA:23,3
DA:24,3
DA:25,3
DA:26,3
DA:27,3
DA:28,3
DA:29,3
DA:30,3
DA:31,3
DA:32,3
DA:33,3
DA:34,3
DA:35,3
DA:36,3
DA:37,3
DA:38,3
DA:39,3
DA:40,3
DA:41,3
DA:42,3
DA:43,1
DA:44,1
DA:45,1
DA:46,1
DA:47,1
DA:48,1
DA:49,1
DA:50,1
DA:51,1
DA:52,1
DA:53,5
DA:54,5
DA:55,1
DA:56,1
LF:56
LH:56
BRDA:2,0,0,1
BRDA:2,1,0,0
BRDA:2,2,0,0
BRDA:2,3,0,0
BRDA:2,4,0,0
BRDA:2,5,0,0
BRDA:2,6,0,0
BRDA:2,7,0,5
BRDA:2,8,0,13
BRDA:2,9,0,5
BRDA:2,10,0,0
BRDA:2,11,0,0
BRDA:2,12,0,23
BRDA:2,13,0,0
BRDA:2,14,0,2
BRDA:2,15,0,6
BRDA:2,16,0,18
BRDA:2,17,0,5
BRDA:2,18,0,18
BRDA:2,19,0,0
BRDA:2,20,0,0
BRDA:2,21,0,23
BRDA:2,22,0,0
BRDA:2,23,0,22
BRDA:2,24,0,1
BRDA:2,25,0,0
BRDA:2,26,0,0
BRDA:2,27,0,5
BRDA:2,28,0,18
BRDA:2,29,0,5
BRDA:2,30,0,18
BRDA:2,31,0,0
BRDA:2,32,0,5
BRDA:2,33,0,16
BRDA:2,34,0,10
BRDA:2,35,0,5
BRDA:2,36,0,1
BRDA:2,37,0,0
BRDA:2,38,0,0
BRDA:2,39,0,0
BRDA:2,40,0,1
BRDA:2,41,0,0
BRDA:2,42,0,5
BRDA:2,43,0,0
BRDA:2,44,0,5
BRDA:2,45,0,0
BRDA:2,46,0,1
BRDA:2,47,0,0
BRDA:2,48,0,0
BRDA:2,49,0,0
BRDA:2,50,0,0
BRDA:2,51,0,1
BRDA:2,52,0,5
BRDA:2,53,0,0
BRDA:2,54,0,0
BRDA:2,55,0,0
BRDA:2,56,0,5
BRDA:2,57,0,1
BRDA:2,58,0,0
BRDA:2,59,0,18
BRDA:2,60,0,0
BRDA:2,61,0,5
BRDA:2,62,0,13
BRDA:2,63,0,1
BRDA:2,64,0,5
BRDA:2,65,0,5
BRDA:2,66,0,17
BRDA:2,67,0,1
BRDA:4,68,0,1
BRDA:4,69,0,5
BRDA:4,70,0,23
BRDA:4,71,0,31
BRDA:4,72,0,5
BRDA:15,73,0,4
BRDA:17,74,0,2
BRDA:17,75,0,1
BRDA:17,76,0,3
BRDA:38,77,0,3
BRDA:43,78,0,1
BRDA:45,79,0,1
BRDA:53,80,0,5
BRDA:54,81,0,5
BRDA:54,82,0,5
BRDA:54,83,0,5
BRDA:56,84,0,5
BRF:85
BRH:55
end_of_record
TN:
SF:controllers/plant/delete.js
FN:2,_regeneratorRuntime
FN:2,_regeneratorRuntime
FN:2,o
FN:2,define
FN:2,define
FN:2,wrap
FN:2,tryCatch
FN:2,Generator
FN:2,GeneratorFunction
FN:2,GeneratorFunctionPrototype
FN:2,defineIteratorMethods
FN:2,AsyncIterator
FN:2,makeInvokeMethod
FN:2,maybeInvokeDelegate
FN:2,pushTryEntry
FN:2,resetTryEntry
FN:2,Context
FN:2,values
FN:2,next
FN:2,e.isGeneratorFunction
FN:2,e.mark
FN:2,e.awrap
FN:2,e.async
FN:2,e.keys
FN:2,reset
FN:2,stop
FN:2,dispatchException
FN:2,handle
FN:2,abrupt
FN:2,complete
FN:2,finish
FN:2,_catch
FN:2,delegateYield
FN:2,asyncGeneratorStep
FN:2,_asyncToGenerator
FN:2,_next
FN:2,_throw
FN:4,_callee
FN:4,_callee$
FNF:39
FNH:26
FNDA:1,_regeneratorRuntime
FNDA:5,_regeneratorRuntime
FNDA:0,o
FNDA:13,define
FNDA:0,define
FNDA:5,wrap
FNDA:28,tryCatch
FNDA:0,Generator
FNDA:0,GeneratorFunction
FNDA:0,GeneratorFunctionPrototype
FNDA:2,defineIteratorMethods
FNDA:0,AsyncIterator
FNDA:5,makeInvokeMethod
FNDA:0,maybeInvokeDelegate
FNDA:5,pushTryEntry
FNDA:16,resetTryEntry
FNDA:5,Context
FNDA:1,values
FNDA:0,next
FNDA:0,e.isGeneratorFunction
FNDA:1,e.mark
FNDA:0,e.awrap
FNDA:0,e.async
FNDA:0,e.keys
FNDA:5,reset
FNDA:5,stop
FNDA:1,dispatchException
FNDA:1,handle
FNDA:2,abrupt
FNDA:6,complete
FNDA:5,finish
FNDA:1,_catch
FNDA:0,delegateYield
FNDA:22,asyncGeneratorStep
FNDA:1,_asyncToGenerator
FNDA:21,_next
FNDA:1,_throw
FNDA:5,_callee
FNDA:28,_callee$
DA:1,1
DA:2,1
DA:3,1
DA:4,1
DA:5,5
DA:6,5
DA:7,5
DA:8,5
DA:9,5
DA:10,5
DA:11,5
DA:12,5
DA:13,5
DA:14,5
DA:15,5
DA:16,5
DA:17,4
DA:18,4
DA:19,4
DA:20,4
DA:21,4
DA:22,4
DA:23,4
DA:24,4
DA:25,4
DA:26,4
DA:27,4
DA:28,4
DA:29,4
DA:30,3
DA:31,3
DA:32,3
DA:33,3
DA:34,1
DA:35,1
DA:36,1
DA:37,1
DA:38,1
DA:39,1
DA:40,1
DA:41,5
DA:42,5
DA:43,1
DA:44,1
LF:44
LH:44
BRDA:2,0,0,1
BRDA:2,1,0,0
BRDA:2,2,0,0
BRDA:2,3,0,0
BRDA:2,4,0,0
BRDA:2,5,0,0
BRDA:2,6,0,0
BRDA:2,7,0,5
BRDA:2,8,0,13
BRDA:2,9,0,5
BRDA:2,10,0,0
BRDA:2,11,0,0
BRDA:2,12,0,28
BRDA:2,13,0,0
BRDA:2,14,0,2
BRDA:2,15,0,6
BRDA:2,16,0,22
BRDA:2,17,0,5
BRDA:2,18,0,22
BRDA:2,19,0,0
BRDA:2,20,0,0
BRDA:2,21,0,28
BRDA:2,22,0,0
BRDA:2,23,0,26
BRDA:2,24,0,2
BRDA:2,25,0,1
BRDA:2,26,0,0
BRDA:2,27,0,5
BRDA:2,28,0,23
BRDA:2,29,0,6
BRDA:2,30,0,22
BRDA:2,31,0,0
BRDA:2,32,0,5
BRDA:2,33,0,16
BRDA:2,34,0,10
BRDA:2,35,0,5
BRDA:2,36,0,1
BRDA:2,37,0,0
BRDA:2,38,0,0
BRDA:2,39,0,0
BRDA:2,40,0,1
BRDA:2,41,0,0
BRDA:2,42,0,5
BRDA:2,43,0,0
BRDA:2,44,0,5
BRDA:2,45,0,0
BRDA:2,46,0,1
BRDA:2,47,0,0
BRDA:2,48,0,0
BRDA:2,49,0,0
BRDA:2,50,0,0
BRDA:2,51,0,1
BRDA:2,52,0,2
BRDA:2,53,0,3
BRDA:2,54,0,2
BRDA:2,55,0,2
BRDA:2,56,0,1
BRDA:2,57,0,1
BRDA:2,58,0,0
BRDA:2,59,0,0
BRDA:2,60,0,0
BRDA:2,61,0,1
BRDA:2,62,0,1
BRDA:2,63,0,1
BRDA:2,64,0,1
BRDA:2,65,0,6
BRDA:2,66,0,0
BRDA:2,67,0,0
BRDA:2,68,0,2
BRDA:2,69,0,4
BRDA:2,70,0,5
BRDA:2,71,0,1
BRDA:2,72,0,0
BRDA:2,73,0,22
BRDA:2,74,0,0
BRDA:2,75,0,5
BRDA:2,76,0,17
BRDA:2,77,0,1
BRDA:2,78,0,5
BRDA:2,79,0,5
BRDA:2,80,0,21
BRDA:2,81,0,1
BRDA:4,82,0,1
BRDA:4,83,0,5
BRDA:4,84,0,28
BRDA:4,85,0,35
BRDA:4,86,0,5
BRDA:16,87,0,4
BRDA:25,88,0,4
BRDA:29,89,0,2
BRDA:29,90,0,1
BRDA:29,91,0,3
BRDA:32,92,0,3
BRDA:34,93,0,1
BRDA:35,94,0,3
BRDA:35,95,0,1
BRDA:41,96,0,5
BRDA:42,97,0,5
BRDA:42,98,0,4
BRDA:42,99,0,5
BRDA:44,100,0,5
BRF:101
BRH:70
end_of_record
TN:
SF:controllers/plant/getAllFromCoordinates.js
FN:2,_regeneratorRuntime
FN:2,_regeneratorRuntime
FN:2,o
FN:2,define
FN:2,define
FN:2,wrap
FN:2,tryCatch
FN:2,Generator
FN:2,GeneratorFunction
FN:2,GeneratorFunctionPrototype
FN:2,defineIteratorMethods
FN:2,AsyncIterator
FN:2,makeInvokeMethod
FN:2,maybeInvokeDelegate
FN:2,pushTryEntry
FN:2,resetTryEntry
FN:2,Context
FN:2,values
FN:2,next
FN:2,e.isGeneratorFunction
FN:2,e.mark
FN:2,e.awrap
FN:2,e.async
FN:2,e.keys
FN:2,reset
FN:2,stop
FN:2,dispatchException
FN:2,handle
FN:2,abrupt
FN:2,complete
FN:2,finish
FN:2,_catch
FN:2,delegateYield
FN:2,asyncGeneratorStep
FN:2,_asyncToGenerator
FN:2,_next
FN:2,_throw
FN:42,_callee
FN:42,_callee$
FNF:39
FNH:25
FNDA:1,_regeneratorRuntime
FNDA:3,_regeneratorRuntime
FNDA:0,o
FNDA:13,define
FNDA:0,define
FNDA:3,wrap
FNDA:12,tryCatch
FNDA:0,Generator
FNDA:0,GeneratorFunction
FNDA:0,GeneratorFunctionPrototype
FNDA:2,defineIteratorMethods
FNDA:0,AsyncIterator
FNDA:3,makeInvokeMethod
FNDA:0,maybeInvokeDelegate
FNDA:3,pushTryEntry
FNDA:10,resetTryEntry
FNDA:3,Context
FNDA:1,values
FNDA:0,next
FNDA:0,e.isGeneratorFunction
FNDA:1,e.mark
FNDA:0,e.awrap
FNDA:0,e.async
FNDA:0,e.keys
FNDA:3,reset
FNDA:3,stop
FNDA:1,dispatchException
FNDA:1,handle
FNDA:0,abrupt
FNDA:3,complete
FNDA:3,finish
FNDA:1,_catch
FNDA:0,delegateYield
FNDA:9,asyncGeneratorStep
FNDA:1,_asyncToGenerator
FNDA:8,_next
FNDA:1,_throw
FNDA:3,_callee
FNDA:12,_callee$
DA:1,1
DA:2,1
DA:3,1
DA:4,1
DA:5,1
DA:6,1
DA:7,1
DA:8,1
DA:9,1
DA:10,1
DA:11,1
DA:12,1
DA:13,1
DA:14,1
DA:15,1
DA:16,1
DA:17,1
DA:18,1
DA:19,1
DA:20,1
DA:21,1
DA:22,1
DA:23,1
DA:24,1
DA:25,1
DA:26,1
DA:27,1
DA:28,1
DA:29,1
DA:30,1
DA:31,1
DA:32,1
DA:33,1
DA:34,1
DA:35,1
DA:36,1
DA:37,1
DA:38,1
DA:39,1
DA:40,1
DA:41,1
DA:42,1
DA:43,3
DA:44,3
DA:45,3
DA:46,3
DA:47,3
DA:48,3
DA:49,3
DA:50,3
DA:51,3
DA:52,3
DA:53,3
DA:54,3
DA:55,3
DA:56,3
DA:57,3
DA:58,3
DA:59,3
DA:60,3
DA:61,3
DA:62,3
DA:63,3
DA:64,3
DA:65,3
DA:66,3
DA:67,3
DA:68,2
DA:69,2
DA:70,2
DA:71,2
DA:72,2
DA:73,2
DA:74,2
DA:75,2
DA:76,2
DA:77,2
DA:78,2
DA:79,2
DA:80,2
DA:81,2
DA:82,2
DA:83,2
DA:84,2
DA:85,2
DA:86,2
DA:87,2
DA:88,2
DA:89,2
DA:90,2
DA:91,2
DA:92,2
DA:93,2
DA:94,2
DA:95,2
DA:96,2
DA:97,1
DA:98,1
DA:99,3
DA:100,3
DA:101,1
DA:102,1
LF:102
LH:102
BRDA:2,0,0,1
BRDA:2,1,0,0
BRDA:2,2,0,0
BRDA:2,3,0,0
BRDA:2,4,0,0
BRDA:2,5,0,0
BRDA:2,6,0,0
BRDA:2,7,0,3
BRDA:2,8,0,13
BRDA:2,9,0,3
BRDA:2,10,0,0
BRDA:2,11,0,0
BRDA:2,12,0,12
BRDA:2,13,0,0
BRDA:2,14,0,2
BRDA:2,15,0,6
BRDA:2,16,0,9
BRDA:2,17,0,3
BRDA:2,18,0,9
BRDA:2,19,0,0
BRDA:2,20,0,0
BRDA:2,21,0,12
BRDA:2,22,0,0
BRDA:2,23,0,11
BRDA:2,24,0,1
BRDA:2,25,0,0
BRDA:2,26,0,0
BRDA:2,27,0,3
BRDA:2,28,0,9
BRDA:2,29,0,3
BRDA:2,30,0,9
BRDA:2,31,0,0
BRDA:2,32,0,3
BRDA:2,33,0,10
BRDA:2,34,0,6
BRDA:2,35,0,3
BRDA:2,36,0,1
BRDA:2,37,0,0
BRDA:2,38,0,0
BRDA:2,39,0,0
BRDA:2,40,0,1
BRDA:2,41,0,0
BRDA:2,42,0,3
BRDA:2,43,0,0
BRDA:2,44,0,3
BRDA:2,45,0,0
BRDA:2,46,0,1
BRDA:2,47,0,0
BRDA:2,48,0,0
BRDA:2,49,0,0
BRDA:2,50,0,0
BRDA:2,51,0,1
BRDA:2,52,0,3
BRDA:2,53,0,0
BRDA:2,54,0,0
BRDA:2,55,0,0
BRDA:2,56,0,3
BRDA:2,57,0,1
BRDA:2,58,0,0
BRDA:2,59,0,9
BRDA:2,60,0,0
BRDA:2,61,0,3
BRDA:2,62,0,6
BRDA:2,63,0,1
BRDA:2,64,0,3
BRDA:2,65,0,3
BRDA:2,66,0,8
BRDA:2,67,0,1
BRDA:42,68,0,1
BRDA:42,69,0,3
BRDA:42,70,0,12
BRDA:42,71,0,14
BRDA:42,72,0,3
BRDA:67,73,0,2
BRDA:97,74,0,1
BRDA:99,75,0,3
BRDA:100,76,0,3
BRDA:100,77,0,3
BRDA:100,78,0,3
BRDA:69,79,0,2
BRDA:102,80,0,3
BRF:81
BRH:51
end_of_record
TN:
SF:controllers/plant/getOne.js
FN:2,_regeneratorRuntime
FN:2,_regeneratorRuntime
FN:2,o
FN:2,define
FN:2,define
FN:2,wrap
FN:2,tryCatch
FN:2,Generator
FN:2,GeneratorFunction
FN:2,GeneratorFunctionPrototype
FN:2,defineIteratorMethods
FN:2,AsyncIterator
FN:2,makeInvokeMethod
FN:2,maybeInvokeDelegate
FN:2,pushTryEntry
FN:2,resetTryEntry
FN:2,Context
FN:2,values
FN:2,next
FN:2,e.isGeneratorFunction
FN:2,e.mark
FN:2,e.awrap
FN:2,e.async
FN:2,e.keys
FN:2,reset
FN:2,stop
FN:2,dispatchException
FN:2,handle
FN:2,abrupt
FN:2,complete
FN:2,finish
FN:2,_catch
FN:2,delegateYield
FN:2,asyncGeneratorStep
FN:2,_asyncToGenerator
FN:2,_next
FN:2,_throw
FN:4,_callee
FN:4,_callee$
FNF:39
FNH:25
FNDA:1,_regeneratorRuntime
FNDA:3,_regeneratorRuntime
FNDA:0,o
FNDA:13,define
FNDA:0,define
FNDA:3,wrap
FNDA:12,tryCatch
FNDA:0,Generator
FNDA:0,GeneratorFunction
FNDA:0,GeneratorFunctionPrototype
FNDA:2,defineIteratorMethods
FNDA:0,AsyncIterator
FNDA:3,makeInvokeMethod
FNDA:0,maybeInvokeDelegate
FNDA:3,pushTryEntry
FNDA:10,resetTryEntry
FNDA:3,Context
FNDA:1,values
FNDA:0,next
FNDA:0,e.isGeneratorFunction
FNDA:1,e.mark
FNDA:0,e.awrap
FNDA:0,e.async
FNDA:0,e.keys
FNDA:3,reset
FNDA:3,stop
FNDA:1,dispatchException
FNDA:1,handle
FNDA:0,abrupt
FNDA:3,complete
FNDA:3,finish
FNDA:1,_catch
FNDA:0,delegateYield
FNDA:9,asyncGeneratorStep
FNDA:1,_asyncToGenerator
FNDA:8,_next
FNDA:1,_throw
FNDA:3,_callee
FNDA:12,_callee$
DA:1,1
DA:2,1
DA:3,1
DA:4,1
DA:5,3
DA:6,3
DA:7,3
DA:8,3
DA:9,3
DA:10,3
DA:11,3
DA:12,3
DA:13,3
DA:14,3
DA:15,3
DA:16,3
DA:17,3
DA:18,3
DA:19,3
DA:20,3
DA:21,3
DA:22,3
DA:23,2
DA:24,2
DA:25,1
DA:26,1
DA:27,1
DA:28,1
DA:29,3
DA:30,3
DA:31,1
DA:32,1
LF:32
LH:32
BRDA:2,0,0,1
BRDA:2,1,0,0
BRDA:2,2,0,0
BRDA:2,3,0,0
BRDA:2,4,0,0
BRDA:2,5,0,0
BRDA:2,6,0,0
BRDA:2,7,0,3
BRDA:2,8,0,13
BRDA:2,9,0,3
BRDA:2,10,0,0
BRDA:2,11,0,0
BRDA:2,12,0,12
BRDA:2,13,0,0
BRDA:2,14,0,2
BRDA:2,15,0,6
BRDA:2,16,0,9
BRDA:2,17,0,3
BRDA:2,18,0,9
BRDA:2,19,0,0
BRDA:2,20,0,0
BRDA:2,21,0,12
BRDA:2,22,0,0
BRDA:2,23,0,11
BRDA:2,24,0,1
BRDA:2,25,0,0
BRDA:2,26,0,0
BRDA:2,27,0,3
BRDA:2,28,0,9
BRDA:2,29,0,3
BRDA:2,30,0,9
BRDA:2,31,0,0
BRDA:2,32,0,3
BRDA:2,33,0,10
BRDA:2,34,0,6
BRDA:2,35,0,3
BRDA:2,36,0,1
BRDA:2,37,0,0
BRDA:2,38,0,0
BRDA:2,39,0,0
BRDA:2,40,0,1
BRDA:2,41,0,0
BRDA:2,42,0,3
BRDA:2,43,0,0
BRDA:2,44,0,3
BRDA:2,45,0,0
BRDA:2,46,0,1
BRDA:2,47,0,0
BRDA:2,48,0,0
BRDA:2,49,0,0
BRDA:2,50,0,0
BRDA:2,51,0,1
BRDA:2,52,0,3
BRDA:2,53,0,0
BRDA:2,54,0,0
BRDA:2,55,0,0
BRDA:2,56,0,3
BRDA:2,57,0,1
BRDA:2,58,0,0
BRDA:2,59,0,9
BRDA:2,60,0,0
BRDA:2,61,0,3
BRDA:2,62,0,6
BRDA:2,63,0,1
BRDA:2,64,0,3
BRDA:2,65,0,3
BRDA:2,66,0,8
BRDA:2,67,0,1
BRDA:4,68,0,1
BRDA:4,69,0,3
BRDA:4,70,0,12
BRDA:4,71,0,14
BRDA:4,72,0,3
BRDA:22,73,0,2
BRDA:25,74,0,1
BRDA:29,75,0,3
BRDA:30,76,0,3
BRDA:30,77,0,3
BRDA:30,78,0,3
BRDA:32,79,0,3
BRF:80
BRH:50
end_of_record
TN:
SF:controllers/plant/getPlantsForGuardian.js
FN:2,_regeneratorRuntime
FN:2,_regeneratorRuntime
FN:2,o
FN:2,define
FN:2,define
FN:2,wrap
FN:2,tryCatch
FN:2,Generator
FN:2,GeneratorFunction
FN:2,GeneratorFunctionPrototype
FN:2,defineIteratorMethods
FN:2,AsyncIterator
FN:2,makeInvokeMethod
FN:2,maybeInvokeDelegate
FN:2,pushTryEntry
FN:2,resetTryEntry
FN:2,Context
FN:2,values
FN:2,next
FN:2,e.isGeneratorFunction
FN:2,e.mark
FN:2,e.awrap
FN:2,e.async
FN:2,e.keys
FN:2,reset
FN:2,stop
FN:2,dispatchException
FN:2,handle
FN:2,abrupt
FN:2,complete
FN:2,finish
FN:2,_catch
FN:2,delegateYield
FN:2,asyncGeneratorStep
FN:2,_asyncToGenerator
FN:2,_next
FN:2,_throw
FN:4,_callee
FN:4,_callee$
FNF:39
FNH:25
FNDA:1,_regeneratorRuntime
FNDA:3,_regeneratorRuntime
FNDA:0,o
FNDA:13,define
FNDA:0,define
FNDA:3,wrap
FNDA:12,tryCatch
FNDA:0,Generator
FNDA:0,GeneratorFunction
FNDA:0,GeneratorFunctionPrototype
FNDA:2,defineIteratorMethods
FNDA:0,AsyncIterator
FNDA:3,makeInvokeMethod
FNDA:0,maybeInvokeDelegate
FNDA:3,pushTryEntry
FNDA:10,resetTryEntry
FNDA:3,Context
FNDA:1,values
FNDA:0,next
FNDA:0,e.isGeneratorFunction
FNDA:1,e.mark
FNDA:0,e.awrap
FNDA:0,e.async
FNDA:0,e.keys
FNDA:3,reset
FNDA:3,stop
FNDA:1,dispatchException
FNDA:1,handle
FNDA:0,abrupt
FNDA:3,complete
FNDA:3,finish
FNDA:1,_catch
FNDA:0,delegateYield
FNDA:9,asyncGeneratorStep
FNDA:1,_asyncToGenerator
FNDA:8,_next
FNDA:1,_throw
FNDA:3,_callee
FNDA:12,_callee$
DA:1,1
DA:2,1
DA:3,1
DA:4,1
DA:5,3
DA:6,3
DA:7,3
DA:8,3
DA:9,3
DA:10,3
DA:11,3
DA:12,3
DA:13,3
DA:14,3
DA:15,3
DA:16,3
DA:17,3
DA:18,3
DA:19,3
DA:20,2
DA:21,2
DA:22,2
DA:23,2
DA:24,2
DA:25,1
DA:26,1
DA:27,1
DA:28,1
DA:29,1
DA:30,3
DA:31,3
DA:32,1
DA:33,1
LF:33
LH:33
BRDA:2,0,0,1
BRDA:2,1,0,0
BRDA:2,2,0,0
BRDA:2,3,0,0
BRDA:2,4,0,0
BRDA:2,5,0,0
BRDA:2,6,0,0
BRDA:2,7,0,3
BRDA:2,8,0,13
BRDA:2,9,0,3
BRDA:2,10,0,0
BRDA:2,11,0,0
BRDA:2,12,0,12
BRDA:2,13,0,0
BRDA:2,14,0,2
BRDA:2,15,0,6
BRDA:2,16,0,9
BRDA:2,17,0,3
BRDA:2,18,0,9
BRDA:2,19,0,0
BRDA:2,20,0,0
BRDA:2,21,0,12
BRDA:2,22,0,0
BRDA:2,23,0,11
BRDA:2,24,0,1
BRDA:2,25,0,0
BRDA:2,26,0,0
BRDA:2,27,0,3
BRDA:2,28,0,9
BRDA:2,29,0,3
BRDA:2,30,0,9
BRDA:2,31,0,0
BRDA:2,32,0,3
BRDA:2,33,0,10
BRDA:2,34,0,6
BRDA:2,35,0,3
BRDA:2,36,0,1
BRDA:2,37,0,0
BRDA:2,38,0,0
BRDA:2,39,0,0
BRDA:2,40,0,1
BRDA:2,41,0,0
BRDA:2,42,0,3
BRDA:2,43,0,0
BRDA:2,44,0,3
BRDA:2,45,0,0
BRDA:2,46,0,1
BRDA:2,47,0,0
BRDA:2,48,0,0
BRDA:2,49,0,0
BRDA:2,50,0,0
BRDA:2,51,0,1
BRDA:2,52,0,3
BRDA:2,53,0,0
BRDA:2,54,0,0
BRDA:2,55,0,0
BRDA:2,56,0,3
BRDA:2,57,0,1
BRDA:2,58,0,0
BRDA:2,59,0,9
BRDA:2,60,0,0
BRDA:2,61,0,3
BRDA:2,62,0,6
BRDA:2,63,0,1
BRDA:2,64,0,3
BRDA:2,65,0,3
BRDA:2,66,0,8
BRDA:2,67,0,1
BRDA:4,68,0,1
BRDA:4,69,0,3
BRDA:4,70,0,12
BRDA:4,71,0,14
BRDA:4,72,0,3
BRDA:19,73,0,2
BRDA:25,74,0,1
BRDA:30,75,0,3
BRDA:31,76,0,3
BRDA:31,77,0,3
BRDA:31,78,0,3
BRDA:33,79,0,3
BRF:80
BRH:50
end_of_record
TN:
SF:controllers/plant/removeGuardian.js
FN:1,(empty-report)
FNF:1
FNH:0
FNDA:0,(empty-report)
DA:1,0
DA:2,0
DA:3,0
DA:4,0
DA:5,0
DA:6,0
DA:7,0
DA:8,0
DA:9,0
DA:10,0
DA:11,0
DA:12,0
DA:13,0
DA:14,0
DA:15,0
DA:16,0
DA:17,0
DA:18,0
DA:19,0
DA:20,0
DA:21,0
DA:22,0
DA:23,0
DA:24,0
DA:25,0
DA:26,0
DA:27,0
DA:28,0
DA:29,0
DA:30,0
DA:31,0
DA:32,0
DA:33,0
DA:34,0
DA:35,0
DA:36,0
DA:37,0
DA:38,0
DA:39,0
DA:40,0
DA:41,0
DA:42,0
DA:43,0
DA:44,0
DA:45,0
DA:46,0
DA:47,0
DA:48,0
DA:49,0
DA:50,0
DA:51,0
DA:52,0
DA:53,0
DA:54,0
DA:55,0
DA:56,0
DA:57,0
DA:58,0
DA:59,0
DA:60,0
DA:61,0
DA:62,0
DA:63,0
DA:64,0
DA:65,0
DA:66,0
DA:67,0
DA:68,0
DA:69,0
LF:69
LH:0
BRDA:1,0,0,0
BRF:1
BRH:0
end_of_record
TN:
SF:controllers/user/delete.js
FN:2,_regeneratorRuntime
FN:2,_regeneratorRuntime
FN:2,o
FN:2,define
FN:2,define
FN:2,wrap
FN:2,tryCatch
FN:2,Generator
FN:2,GeneratorFunction
FN:2,GeneratorFunctionPrototype
FN:2,defineIteratorMethods
FN:2,AsyncIterator
FN:2,makeInvokeMethod
FN:2,maybeInvokeDelegate
FN:2,pushTryEntry
FN:2,resetTryEntry
FN:2,Context
FN:2,values
FN:2,next
FN:2,e.isGeneratorFunction
FN:2,e.mark
FN:2,e.awrap
FN:2,e.async
FN:2,e.keys
FN:2,reset
FN:2,stop
FN:2,dispatchException
FN:2,handle
FN:2,abrupt
FN:2,complete
FN:2,finish
FN:2,_catch
FN:2,delegateYield
FN:2,asyncGeneratorStep
FN:2,_asyncToGenerator
FN:2,_next
FN:2,_throw
FN:4,_callee
FN:4,_callee$
FNF:39
FNH:25
FNDA:1,_regeneratorRuntime
FNDA:5,_regeneratorRuntime
FNDA:0,o
FNDA:13,define
FNDA:0,define
FNDA:5,wrap
FNDA:23,tryCatch
FNDA:0,Generator
FNDA:0,GeneratorFunction
FNDA:0,GeneratorFunctionPrototype
FNDA:2,defineIteratorMethods
FNDA:0,AsyncIterator
FNDA:5,makeInvokeMethod
FNDA:0,maybeInvokeDelegate
FNDA:5,pushTryEntry
FNDA:16,resetTryEntry
FNDA:5,Context
FNDA:1,values
FNDA:0,next
FNDA:0,e.isGeneratorFunction
FNDA:1,e.mark
FNDA:0,e.awrap
FNDA:0,e.async
FNDA:0,e.keys
FNDA:5,reset
FNDA:5,stop
FNDA:1,dispatchException
FNDA:1,handle
FNDA:0,abrupt
FNDA:5,complete
FNDA:5,finish
FNDA:1,_catch
FNDA:0,delegateYield
FNDA:18,asyncGeneratorStep
FNDA:1,_asyncToGenerator
FNDA:17,_next
FNDA:1,_throw
FNDA:5,_callee
FNDA:23,_callee$
DA:1,1
DA:2,1
DA:3,1
DA:4,1
DA:5,5
DA:6,5
DA:7,5
DA:8,5
DA:9,5
DA:10,5
DA:11,5
DA:12,5
DA:13,5
DA:14,5
DA:15,5
DA:16,5
DA:17,5
DA:18,5
DA:19,4
DA:20,4
DA:21,3
DA:22,3
DA:23,3
DA:24,3
DA:25,3
DA:26,3
DA:27,1
DA:28,1
DA:29,1
DA:30,1
DA:31,1
DA:32,1
DA:33,1
DA:34,1
DA:35,5
DA:36,5
DA:37,1
DA:38,1
LF:38
LH:38
BRDA:2,0,0,1
BRDA:2,1,0,0
BRDA:2,2,0,0
BRDA:2,3,0,0
BRDA:2,4,0,0
BRDA:2,5,0,0
BRDA:2,6,0,0
BRDA:2,7,0,5
BRDA:2,8,0,13
BRDA:2,9,0,5
BRDA:2,10,0,0
BRDA:2,11,0,0
BRDA:2,12,0,23
BRDA:2,13,0,0
BRDA:2,14,0,2
BRDA:2,15,0,6
BRDA:2,16,0,18
BRDA:2,17,0,5
BRDA:2,18,0,18
BRDA:2,19,0,0
BRDA:2,20,0,0
BRDA:2,21,0,23
BRDA:2,22,0,0
BRDA:2,23,0,22
BRDA:2,24,0,1
BRDA:2,25,0,0
BRDA:2,26,0,0
BRDA:2,27,0,5
BRDA:2,28,0,18
BRDA:2,29,0,5
BRDA:2,30,0,18
BRDA:2,31,0,0
BRDA:2,32,0,5
BRDA:2,33,0,16
BRDA:2,34,0,10
BRDA:2,35,0,5
BRDA:2,36,0,1
BRDA:2,37,0,0
BRDA:2,38,0,0
BRDA:2,39,0,0
BRDA:2,40,0,1
BRDA:2,41,0,0
BRDA:2,42,0,5
BRDA:2,43,0,0
BRDA:2,44,0,5
BRDA:2,45,0,0
BRDA:2,46,0,1
BRDA:2,47,0,0
BRDA:2,48,0,0
BRDA:2,49,0,0
BRDA:2,50,0,0
BRDA:2,51,0,1
BRDA:2,52,0,5
BRDA:2,53,0,0
BRDA:2,54,0,0
BRDA:2,55,0,0
BRDA:2,56,0,5
BRDA:2,57,0,1
BRDA:2,58,0,0
BRDA:2,59,0,18
BRDA:2,60,0,0
BRDA:2,61,0,5
BRDA:2,62,0,13
BRDA:2,63,0,1
BRDA:2,64,0,5
BRDA:2,65,0,5
BRDA:2,66,0,17
BRDA:2,67,0,1
BRDA:4,68,0,1
BRDA:4,69,0,5
BRDA:4,70,0,23
BRDA:4,71,0,31
BRDA:4,72,0,5
BRDA:18,73,0,4
BRDA:20,74,0,2
BRDA:20,75,0,1
BRDA:20,76,0,3
BRDA:24,77,0,3
BRDA:27,78,0,1
BRDA:29,79,0,1
BRDA:35,80,0,5
BRDA:36,81,0,5
BRDA:36,82,0,5
BRDA:36,83,0,5
BRDA:38,84,0,5
BRF:85
BRH:55
end_of_record
TN:
SF:controllers/user/getAll.js
FN:2,_regeneratorRuntime
FN:2,_regeneratorRuntime
FN:2,o
FN:2,define
FN:2,define
FN:2,wrap
FN:2,tryCatch
FN:2,Generator
FN:2,GeneratorFunction
FN:2,GeneratorFunctionPrototype
FN:2,defineIteratorMethods
FN:2,AsyncIterator
FN:2,makeInvokeMethod
FN:2,maybeInvokeDelegate
FN:2,pushTryEntry
FN:2,resetTryEntry
FN:2,Context
FN:2,values
FN:2,next
FN:2,e.isGeneratorFunction
FN:2,e.mark
FN:2,e.awrap
FN:2,e.async
FN:2,e.keys
FN:2,reset
FN:2,stop
FN:2,dispatchException
FN:2,abrupt
FN:2,complete
FN:2,finish
FN:2,_catch
FN:2,delegateYield
FN:2,asyncGeneratorStep
FN:2,_asyncToGenerator
FN:2,_next
FN:2,_throw
FN:4,_callee
FN:4,_callee$
FNF:38
FNH:21
FNDA:1,_regeneratorRuntime
FNDA:2,_regeneratorRuntime
FNDA:0,o
FNDA:13,define
FNDA:0,define
FNDA:2,wrap
FNDA:8,tryCatch
FNDA:0,Generator
FNDA:0,GeneratorFunction
FNDA:0,GeneratorFunctionPrototype
FNDA:2,defineIteratorMethods
FNDA:0,AsyncIterator
FNDA:2,makeInvokeMethod
FNDA:0,maybeInvokeDelegate
FNDA:2,pushTryEntry
FNDA:6,resetTryEntry
FNDA:2,Context
FNDA:1,values
FNDA:0,next
FNDA:0,e.isGeneratorFunction
FNDA:1,e.mark
FNDA:0,e.awrap
FNDA:0,e.async
FNDA:0,e.keys
FNDA:2,reset
FNDA:2,stop
FNDA:0,dispatchException
FNDA:0,abrupt
FNDA:2,complete
FNDA:2,finish
FNDA:0,_catch
FNDA:0,delegateYield
FNDA:6,asyncGeneratorStep
FNDA:1,_asyncToGenerator
FNDA:6,_next
FNDA:0,_throw
FNDA:2,_callee
FNDA:8,_callee$
DA:1,1
DA:2,1
DA:3,1
DA:4,1
DA:5,2
DA:6,2
DA:7,2
DA:8,2
DA:9,2
DA:10,2
DA:11,2
DA:12,2
DA:13,2
DA:14,2
DA:15,2
DA:16,2
DA:17,2
DA:18,2
DA:19,2
DA:20,2
DA:21,2
DA:22,2
DA:23,2
DA:24,2
DA:25,2
DA:26,1
DA:27,1
DA:28,1
DA:29,1
DA:30,0
DA:31,0
DA:32,2
DA:33,2
DA:34,1
DA:35,1
LF:35
LH:33
BRDA:2,0,0,1
BRDA:2,1,0,0
BRDA:2,2,0,0
BRDA:2,3,0,0
BRDA:2,4,0,0
BRDA:2,5,0,0
BRDA:2,6,0,0
BRDA:2,7,0,2
BRDA:2,8,0,13
BRDA:2,9,0,2
BRDA:2,10,0,0
BRDA:2,11,0,0
BRDA:2,12,0,8
BRDA:2,13,0,0
BRDA:2,14,0,2
BRDA:2,15,0,6
BRDA:2,16,0,6
BRDA:2,17,0,2
BRDA:2,18,0,6
BRDA:2,19,0,0
BRDA:2,20,0,0
BRDA:2,21,0,8
BRDA:2,22,0,0
BRDA:2,23,0,0
BRDA:2,24,0,2
BRDA:2,25,0,6
BRDA:2,26,0,2
BRDA:2,27,0,6
BRDA:2,28,0,0
BRDA:2,29,0,2
BRDA:2,30,0,6
BRDA:2,31,0,4
BRDA:2,32,0,2
BRDA:2,33,0,1
BRDA:2,34,0,0
BRDA:2,35,0,0
BRDA:2,36,0,0
BRDA:2,37,0,1
BRDA:2,38,0,0
BRDA:2,39,0,2
BRDA:2,40,0,0
BRDA:2,41,0,2
BRDA:2,42,0,0
BRDA:2,43,0,2
BRDA:2,44,0,0
BRDA:2,45,0,0
BRDA:2,46,0,0
BRDA:2,47,0,2
BRDA:2,48,0,6
BRDA:2,49,0,0
BRDA:2,50,0,2
BRDA:2,51,0,4
BRDA:2,52,0,1
BRDA:2,53,0,2
BRDA:2,54,0,2
BRDA:2,55,0,6
BRDA:4,56,0,1
BRDA:4,57,0,2
BRDA:4,58,0,8
BRDA:4,59,0,10
BRDA:4,60,0,2
BRDA:23,61,0,2
BRDA:25,62,0,1
BRDA:30,63,0,0
BRDA:32,64,0,2
BRDA:33,65,0,2
BRDA:33,66,0,2
BRDA:33,67,0,2
BRDA:35,68,0,2
BRF:69
BRH:44
end_of_record
TN:
SF:controllers/user/getOne.js
FN:2,_regeneratorRuntime
FN:2,_regeneratorRuntime
FN:2,o
FN:2,define
FN:2,define
FN:2,wrap
FN:2,tryCatch
FN:2,Generator
FN:2,GeneratorFunction
FN:2,GeneratorFunctionPrototype
FN:2,defineIteratorMethods
FN:2,AsyncIterator
FN:2,makeInvokeMethod
FN:2,maybeInvokeDelegate
FN:2,pushTryEntry
FN:2,resetTryEntry
FN:2,Context
FN:2,values
FN:2,next
FN:2,e.isGeneratorFunction
FN:2,e.mark
FN:2,e.awrap
FN:2,e.async
FN:2,e.keys
FN:2,reset
FN:2,stop
FN:2,dispatchException
FN:2,handle
FN:2,abrupt
FN:2,complete
FN:2,finish
FN:2,_catch
FN:2,delegateYield
FN:2,asyncGeneratorStep
FN:2,_asyncToGenerator
FN:2,_next
FN:2,_throw
FN:4,_callee
FN:4,_callee$
FNF:39
FNH:25
FNDA:1,_regeneratorRuntime
FNDA:3,_regeneratorRuntime
FNDA:0,o
FNDA:13,define
FNDA:0,define
FNDA:3,wrap
FNDA:12,tryCatch
FNDA:0,Generator
FNDA:0,GeneratorFunction
FNDA:0,GeneratorFunctionPrototype
FNDA:2,defineIteratorMethods
FNDA:0,AsyncIterator
FNDA:3,makeInvokeMethod
FNDA:0,maybeInvokeDelegate
FNDA:3,pushTryEntry
FNDA:10,resetTryEntry
FNDA:3,Context
FNDA:1,values
FNDA:0,next
FNDA:0,e.isGeneratorFunction
FNDA:1,e.mark
FNDA:0,e.awrap
FNDA:0,e.async
FNDA:0,e.keys
FNDA:3,reset
FNDA:3,stop
FNDA:1,dispatchException
FNDA:1,handle
FNDA:0,abrupt
FNDA:3,complete
FNDA:3,finish
FNDA:1,_catch
FNDA:0,delegateYield
FNDA:9,asyncGeneratorStep
FNDA:1,_asyncToGenerator
FNDA:8,_next
FNDA:1,_throw
FNDA:3,_callee
FNDA:12,_callee$
DA:1,1
DA:2,1
DA:3,1
DA:4,1
DA:5,3
DA:6,3
DA:7,3
DA:8,3
DA:9,3
DA:10,3
DA:11,3
DA:12,3
DA:13,3
DA:14,3
DA:15,3
DA:16,3
DA:17,3
DA:18,3
DA:19,2
DA:20,1
DA:21,1
DA:22,1
DA:23,1
DA:24,1
DA:25,1
DA:26,3
DA:27,3
DA:28,1
DA:29,1
LF:29
LH:29
BRDA:2,0,0,1
BRDA:2,1,0,0
BRDA:2,2,0,0
BRDA:2,3,0,0
BRDA:2,4,0,0
BRDA:2,5,0,0
BRDA:2,6,0,0
BRDA:2,7,0,3
BRDA:2,8,0,13
BRDA:2,9,0,3
BRDA:2,10,0,0
BRDA:2,11,0,0
BRDA:2,12,0,12
BRDA:2,13,0,0
BRDA:2,14,0,2
BRDA:2,15,0,6
BRDA:2,16,0,9
BRDA:2,17,0,3
BRDA:2,18,0,9
BRDA:2,19,0,0
BRDA:2,20,0,0
BRDA:2,21,0,12
BRDA:2,22,0,0
BRDA:2,23,0,11
BRDA:2,24,0,1
BRDA:2,25,0,0
BRDA:2,26,0,0
BRDA:2,27,0,3
BRDA:2,28,0,9
BRDA:2,29,0,3
BRDA:2,30,0,9
BRDA:2,31,0,0
BRDA:2,32,0,3
BRDA:2,33,0,10
BRDA:2,34,0,6
BRDA:2,35,0,3
BRDA:2,36,0,1
BRDA:2,37,0,0
BRDA:2,38,0,0
BRDA:2,39,0,0
BRDA:2,40,0,1
BRDA:2,41,0,0
BRDA:2,42,0,3
BRDA:2,43,0,0
BRDA:2,44,0,3
BRDA:2,45,0,0
BRDA:2,46,0,1
BRDA:2,47,0,0
BRDA:2,48,0,0
BRDA:2,49,0,0
BRDA:2,50,0,0
BRDA:2,51,0,1
BRDA:2,52,0,3
BRDA:2,53,0,0
BRDA:2,54,0,0
BRDA:2,55,0,0
BRDA:2,56,0,3
BRDA:2,57,0,1
BRDA:2,58,0,0
BRDA:2,59,0,9
BRDA:2,60,0,0
BRDA:2,61,0,3
BRDA:2,62,0,6
BRDA:2,63,0,1
BRDA:2,64,0,3
BRDA:2,65,0,3
BRDA:2,66,0,8
BRDA:2,67,0,1
BRDA:4,68,0,1
BRDA:4,69,0,3
BRDA:4,70,0,12
BRDA:4,71,0,14
BRDA:4,72,0,3
BRDA:18,73,0,2
BRDA:19,74,0,1
BRDA:24,75,0,1
BRDA:26,76,0,3
BRDA:27,77,0,3
BRDA:27,78,0,3
BRDA:27,79,0,3
BRDA:29,80,0,3
BRF:81
BRH:51
end_of_record
TN:
SF:controllers/user/login.js
FN:2,_regeneratorRuntime
FN:2,_regeneratorRuntime
FN:2,o
FN:2,define
FN:2,define
FN:2,wrap
FN:2,tryCatch
FN:2,Generator
FN:2,GeneratorFunction
FN:2,GeneratorFunctionPrototype
FN:2,defineIteratorMethods
FN:2,AsyncIterator
FN:2,makeInvokeMethod
FN:2,maybeInvokeDelegate
FN:2,pushTryEntry
FN:2,resetTryEntry
FN:2,Context
FN:2,values
FN:2,next
FN:2,e.isGeneratorFunction
FN:2,e.mark
FN:2,e.awrap
FN:2,e.async
FN:2,e.keys
FN:2,reset
FN:2,stop
FN:2,dispatchException
FN:2,abrupt
FN:2,complete
FN:2,finish
FN:2,_catch
FN:2,delegateYield
FN:2,asyncGeneratorStep
FN:2,_asyncToGenerator
FN:2,_next
FN:2,_throw
FN:9,_callee
FN:9,_callee$
FNF:38
FNH:21
FNDA:1,_regeneratorRuntime
FNDA:2,_regeneratorRuntime
FNDA:0,o
FNDA:13,define
FNDA:0,define
FNDA:2,wrap
FNDA:6,tryCatch
FNDA:0,Generator
FNDA:0,GeneratorFunction
FNDA:0,GeneratorFunctionPrototype
FNDA:2,defineIteratorMethods
FNDA:0,AsyncIterator
FNDA:2,makeInvokeMethod
FNDA:0,maybeInvokeDelegate
FNDA:2,pushTryEntry
FNDA:5,resetTryEntry
FNDA:2,Context
FNDA:1,values
FNDA:0,next
FNDA:0,e.isGeneratorFunction
FNDA:1,e.mark
FNDA:0,e.awrap
FNDA:0,e.async
FNDA:0,e.keys
FNDA:2,reset
FNDA:1,stop
FNDA:0,dispatchException
FNDA:0,abrupt
FNDA:1,complete
FNDA:1,finish
FNDA:0,_catch
FNDA:0,delegateYield
FNDA:5,asyncGeneratorStep
FNDA:1,_asyncToGenerator
FNDA:5,_next
FNDA:0,_throw
FNDA:2,_callee
FNDA:6,_callee$
DA:1,1
DA:2,1
DA:3,1
DA:4,1
DA:5,1
DA:6,1
DA:7,1
DA:8,1
DA:9,1
DA:10,2
DA:11,2
DA:12,2
DA:13,2
DA:14,2
DA:15,2
DA:16,2
DA:17,2
DA:18,2
DA:19,2
DA:20,2
DA:21,2
DA:22,2
DA:23,2
DA:24,1
DA:25,1
DA:26,1
DA:27,1
DA:28,1
DA:29,1
DA:30,1
DA:31,2
DA:32,0
DA:33,0
DA:34,0
DA:35,0
DA:36,2
DA:37,2
DA:38,1
DA:39,1
LF:39
LH:35
BRDA:2,0,0,1
BRDA:2,1,0,0
BRDA:2,2,0,0
BRDA:2,3,0,0
BRDA:2,4,0,0
BRDA:2,5,0,0
BRDA:2,6,0,0
BRDA:2,7,0,2
BRDA:2,8,0,13
BRDA:2,9,0,2
BRDA:2,10,0,0
BRDA:2,11,0,0
BRDA:2,12,0,6
BRDA:2,13,0,0
BRDA:2,14,0,2
BRDA:2,15,0,6
BRDA:2,16,0,5
BRDA:2,17,0,2
BRDA:2,18,0,5
BRDA:2,19,0,0
BRDA:2,20,0,0
BRDA:2,21,0,6
BRDA:2,22,0,0
BRDA:2,23,0,0
BRDA:2,24,0,1
BRDA:2,25,0,5
BRDA:2,26,0,1
BRDA:2,27,0,5
BRDA:2,28,0,0
BRDA:2,29,0,2
BRDA:2,30,0,5
BRDA:2,31,0,4
BRDA:2,32,0,2
BRDA:2,33,0,1
BRDA:2,34,0,0
BRDA:2,35,0,0
BRDA:2,36,0,0
BRDA:2,37,0,1
BRDA:2,38,0,0
BRDA:2,39,0,2
BRDA:2,40,0,0
BRDA:2,41,0,1
BRDA:2,42,0,0
BRDA:2,43,0,1
BRDA:2,44,0,0
BRDA:2,45,0,0
BRDA:2,46,0,0
BRDA:2,47,0,1
BRDA:2,48,0,5
BRDA:2,49,0,0
BRDA:2,50,0,1
BRDA:2,51,0,4
BRDA:2,52,0,1
BRDA:2,53,0,2
BRDA:2,54,0,2
BRDA:2,55,0,5
BRDA:9,56,0,1
BRDA:9,57,0,2
BRDA:9,58,0,6
BRDA:9,59,0,8
BRDA:9,60,0,2
BRDA:18,61,0,2
BRDA:23,62,0,1
BRDA:31,63,0,0
BRDA:34,64,0,0
BRDA:36,65,0,2
BRDA:37,66,0,1
BRDA:37,67,0,1
BRDA:37,68,0,1
BRDA:39,69,0,2
BRF:70
BRH:44
end_of_record
TN:
SF:controllers/user/signup.js
FN:2,_regeneratorRuntime
FN:2,_regeneratorRuntime
FN:2,o
FN:2,define
FN:2,define
FN:2,wrap
FN:2,tryCatch
FN:2,Generator
FN:2,GeneratorFunction
FN:2,GeneratorFunctionPrototype
FN:2,defineIteratorMethods
FN:2,AsyncIterator
FN:2,makeInvokeMethod
FN:2,maybeInvokeDelegate
FN:2,pushTryEntry
FN:2,resetTryEntry
FN:2,Context
FN:2,values
FN:2,next
FN:2,e.isGeneratorFunction
FN:2,e.mark
FN:2,e.awrap
FN:2,e.async
FN:2,e.keys
FN:2,reset
FN:2,stop
FN:2,dispatchException
FN:2,abrupt
FN:2,complete
FN:2,finish
FN:2,_catch
FN:2,delegateYield
FN:2,asyncGeneratorStep
FN:2,_asyncToGenerator
FN:2,_next
FN:2,_throw
FN:6,_callee
FN:6,_callee$
FNF:38
FNH:21
FNDA:1,_regeneratorRuntime
FNDA:6,_regeneratorRuntime
FNDA:0,o
FNDA:13,define
FNDA:0,define
FNDA:6,wrap
FNDA:25,tryCatch
FNDA:0,Generator
FNDA:0,GeneratorFunction
FNDA:0,GeneratorFunctionPrototype
FNDA:2,defineIteratorMethods
FNDA:0,AsyncIterator
FNDA:6,makeInvokeMethod
FNDA:0,maybeInvokeDelegate
FNDA:6,pushTryEntry
FNDA:18,resetTryEntry
FNDA:6,Context
FNDA:1,values
FNDA:0,next
FNDA:0,e.isGeneratorFunction
FNDA:1,e.mark
FNDA:0,e.awrap
FNDA:0,e.async
FNDA:0,e.keys
FNDA:6,reset
FNDA:6,stop
FNDA:0,dispatchException
FNDA:0,abrupt
FNDA:6,complete
FNDA:6,finish
FNDA:0,_catch
FNDA:0,delegateYield
FNDA:19,asyncGeneratorStep
FNDA:1,_asyncToGenerator
FNDA:19,_next
FNDA:0,_throw
FNDA:6,_callee
FNDA:25,_callee$
DA:1,1
DA:2,1
DA:3,1
DA:4,1
DA:5,1
DA:6,1
DA:7,6
DA:8,6
DA:9,6
DA:10,6
DA:11,6
DA:12,6
DA:13,6
DA:14,6
DA:15,6
DA:16,6
DA:17,6
DA:18,6
DA:19,6
DA:20,6
DA:21,6
DA:22,6
DA:23,6
DA:24,6
DA:25,1
DA:26,1
DA:27,1
DA:28,5
DA:29,1
DA:30,1
DA:31,1
DA:32,4
DA:33,1
DA:34,1
DA:35,1
DA:36,3
DA:37,1
DA:38,1
DA:39,1
DA:40,2
DA:41,1
DA:42,1
DA:43,1
DA:44,1
DA:45,1
DA:46,1
DA:47,1
DA:48,1
DA:49,1
DA:50,1
DA:51,1
DA:52,1
DA:53,1
DA:54,1
DA:55,1
DA:56,1
DA:57,0
DA:58,0
DA:59,0
DA:60,0
DA:61,0
DA:62,6
DA:63,6
DA:64,1
DA:65,1
LF:65
LH:60
BRDA:2,0,0,1
BRDA:2,1,0,0
BRDA:2,2,0,0
BRDA:2,3,0,0
BRDA:2,4,0,0
BRDA:2,5,0,0
BRDA:2,6,0,0
BRDA:2,7,0,6
BRDA:2,8,0,13
BRDA:2,9,0,6
BRDA:2,10,0,0
BRDA:2,11,0,0
BRDA:2,12,0,25
BRDA:2,13,0,0
BRDA:2,14,0,2
BRDA:2,15,0,6
BRDA:2,16,0,19
BRDA:2,17,0,6
BRDA:2,18,0,19
BRDA:2,19,0,0
BRDA:2,20,0,0
BRDA:2,21,0,25
BRDA:2,22,0,0
BRDA:2,23,0,0
BRDA:2,24,0,6
BRDA:2,25,0,19
BRDA:2,26,0,6
BRDA:2,27,0,19
BRDA:2,28,0,0
BRDA:2,29,0,6
BRDA:2,30,0,18
BRDA:2,31,0,12
BRDA:2,32,0,6
BRDA:2,33,0,1
BRDA:2,34,0,0
BRDA:2,35,0,0
BRDA:2,36,0,0
BRDA:2,37,0,1
BRDA:2,38,0,0
BRDA:2,39,0,6
BRDA:2,40,0,0
BRDA:2,41,0,6
BRDA:2,42,0,0
BRDA:2,43,0,6
BRDA:2,44,0,0
BRDA:2,45,0,0
BRDA:2,46,0,0
BRDA:2,47,0,6
BRDA:2,48,0,19
BRDA:2,49,0,0
BRDA:2,50,0,6
BRDA:2,51,0,13
BRDA:2,52,0,1
BRDA:2,53,0,6
BRDA:2,54,0,6
BRDA:2,55,0,19
BRDA:6,56,0,1
BRDA:6,57,0,6
BRDA:6,58,0,25
BRDA:6,59,0,51
BRDA:6,60,0,6
BRDA:20,61,0,6
BRDA:24,62,0,5
BRDA:24,63,0,1
BRDA:28,64,0,5
BRDA:28,65,0,4
BRDA:28,66,0,1
BRDA:32,67,0,4
BRDA:32,68,0,3
BRDA:32,69,0,1
BRDA:36,70,0,3
BRDA:36,71,0,2
BRDA:36,72,0,1
BRDA:40,73,0,2
BRDA:40,74,0,1
BRDA:44,75,0,1
BRDA:55,76,0,1
BRDA:57,77,0,0
BRDA:62,78,0,6
BRDA:63,79,0,6
BRDA:63,80,0,6
BRDA:63,81,0,6
BRDA:65,82,0,6
BRF:83
BRH:58
end_of_record
TN:
SF:controllers/user/update.js
FN:2,_regeneratorRuntime
FN:2,_regeneratorRuntime
FN:2,o
FN:2,define
FN:2,define
FN:2,wrap
FN:2,tryCatch
FN:2,Generator
FN:2,GeneratorFunction
FN:2,GeneratorFunctionPrototype
FN:2,defineIteratorMethods
FN:2,AsyncIterator
FN:2,makeInvokeMethod
FN:2,maybeInvokeDelegate
FN:2,pushTryEntry
FN:2,resetTryEntry
FN:2,Context
FN:2,values
FN:2,next
FN:2,e.isGeneratorFunction
FN:2,e.mark
FN:2,e.awrap
FN:2,e.async
FN:2,e.keys
FN:2,reset
FN:2,stop
FN:2,dispatchException
FN:2,abrupt
FN:2,complete
FN:2,finish
FN:2,_catch
FN:2,delegateYield
FN:2,asyncGeneratorStep
FN:2,_asyncToGenerator
FN:2,_next
FN:2,_throw
FN:6,_callee
FN:6,_callee$
FNF:38
FNH:21
FNDA:1,_regeneratorRuntime
FNDA:2,_regeneratorRuntime
FNDA:0,o
FNDA:13,define
FNDA:0,define
FNDA:2,wrap
FNDA:9,tryCatch
FNDA:0,Generator
FNDA:0,GeneratorFunction
FNDA:0,GeneratorFunctionPrototype
FNDA:2,defineIteratorMethods
FNDA:0,AsyncIterator
FNDA:2,makeInvokeMethod
FNDA:0,maybeInvokeDelegate
FNDA:2,pushTryEntry
FNDA:6,resetTryEntry
FNDA:2,Context
FNDA:1,values
FNDA:0,next
FNDA:0,e.isGeneratorFunction
FNDA:1,e.mark
FNDA:0,e.awrap
FNDA:0,e.async
FNDA:0,e.keys
FNDA:2,reset
FNDA:2,stop
FNDA:0,dispatchException
FNDA:0,abrupt
FNDA:2,complete
FNDA:2,finish
FNDA:0,_catch
FNDA:0,delegateYield
FNDA:7,asyncGeneratorStep
FNDA:1,_asyncToGenerator
FNDA:7,_next
FNDA:0,_throw
FNDA:2,_callee
FNDA:9,_callee$
DA:1,1
DA:2,1
DA:3,1
DA:4,1
DA:5,1
DA:6,1
DA:7,2
DA:8,2
DA:9,2
DA:10,2
DA:11,2
DA:12,2
DA:13,2
DA:14,2
DA:15,2
DA:16,2
DA:17,2
DA:18,2
DA:19,2
DA:20,2
DA:21,2
DA:22,2
DA:23,2
DA:24,2
DA:25,2
DA:26,2
DA:27,2
DA:28,2
DA:29,2
DA:30,2
DA:31,2
DA:32,2
DA:33,1
DA:34,1
DA:35,1
DA:36,2
DA:37,0
DA:38,0
DA:39,1
DA:40,1
DA:41,1
DA:42,1
DA:43,1
DA:44,1
DA:45,1
DA:46,1
DA:47,1
DA:48,0
DA:49,0
DA:50,0
DA:51,1
DA:52,0
DA:53,0
DA:54,0
DA:55,1
DA:56,0
DA:57,0
DA:58,0
DA:59,1
DA:60,0
DA:61,0
DA:62,0
DA:63,1
DA:64,0
DA:65,0
DA:66,0
DA:67,1
DA:68,1
DA:69,1
DA:70,1
DA:71,1
DA:72,1
DA:73,1
DA:74,1
DA:75,1
DA:76,1
DA:77,1
DA:78,1
DA:79,1
DA:80,1
DA:81,1
DA:82,1
DA:83,1
DA:84,1
DA:85,1
DA:86,1
DA:87,1
DA:88,0
DA:89,0
DA:90,0
DA:91,0
DA:92,0
DA:93,0
DA:94,0
DA:95,0
DA:96,0
DA:97,0
DA:98,2
DA:99,2
DA:100,2
DA:101,1
DA:102,1
LF:102
LH:75
BRDA:2,0,0,1
BRDA:2,1,0,0
BRDA:2,2,0,0
BRDA:2,3,0,0
BRDA:2,4,0,0
BRDA:2,5,0,0
BRDA:2,6,0,0
BRDA:2,7,0,2
BRDA:2,8,0,13
BRDA:2,9,0,2
BRDA:2,10,0,0
BRDA:2,11,0,0
BRDA:2,12,0,9
BRDA:2,13,0,0
BRDA:2,14,0,2
BRDA:2,15,0,6
BRDA:2,16,0,7
BRDA:2,17,0,2
BRDA:2,18,0,7
BRDA:2,19,0,0
BRDA:2,20,0,0
BRDA:2,21,0,9
BRDA:2,22,0,0
BRDA:2,23,0,0
BRDA:2,24,0,2
BRDA:2,25,0,7
BRDA:2,26,0,2
BRDA:2,27,0,7
BRDA:2,28,0,0
BRDA:2,29,0,2
BRDA:2,30,0,6
BRDA:2,31,0,4
BRDA:2,32,0,2
BRDA:2,33,0,1
BRDA:2,34,0,0
BRDA:2,35,0,0
BRDA:2,36,0,0
BRDA:2,37,0,1
BRDA:2,38,0,0
BRDA:2,39,0,2
BRDA:2,40,0,0
BRDA:2,41,0,2
BRDA:2,42,0,0
BRDA:2,43,0,2
BRDA:2,44,0,0
BRDA:2,45,0,0
BRDA:2,46,0,0
BRDA:2,47,0,2
BRDA:2,48,0,7
BRDA:2,49,0,0
BRDA:2,50,0,2
BRDA:2,51,0,5
BRDA:2,52,0,1
BRDA:2,53,0,2
BRDA:2,54,0,2
BRDA:2,55,0,7
BRDA:6,56,0,1
BRDA:6,57,0,2
BRDA:6,58,0,9
BRDA:6,59,0,13
BRDA:6,60,0,2
BRDA:30,61,0,2
BRDA:32,62,0,1
BRDA:36,63,0,0
BRDA:36,64,0,0
BRDA:38,65,0,1
BRDA:47,66,0,0
BRDA:51,67,0,0
BRDA:55,68,0,0
BRDA:59,69,0,0
BRDA:63,70,0,0
BRDA:83,71,0,1
BRDA:86,72,0,1
BRDA:88,73,0,0
BRDA:98,74,0,2
BRDA:100,75,0,2
BRDA:100,76,0,2
BRDA:100,77,0,2
BRDA:102,78,0,2
BRF:79
BRH:47
end_of_record
TN:
SF:middleware/auth.js
FN:1,(empty-report)
FNF:1
FNH:0
FNDA:0,(empty-report)
DA:1,0
DA:2,0
DA:3,0
DA:4,0
DA:5,0
DA:6,0
DA:7,0
DA:8,0
DA:9,0
DA:10,0
DA:11,0
DA:12,0
DA:13,0
DA:14,0
DA:15,0
DA:16,0
DA:17,0
DA:18,0
DA:19,0
DA:20,0
DA:21,0
DA:22,0
DA:23,0
LF:23
LH:0
BRDA:1,0,0,0
BRF:1
BRH:0
end_of_record
TN:
SF:middleware/seedTenUserNearHep.js
FN:1,(empty-report)
FNF:1
FNH:0
FNDA:0,(empty-report)
DA:1,0
DA:2,0
DA:3,0
DA:4,0
DA:5,0
DA:6,0
DA:7,0
DA:8,0
DA:9,0
DA:10,0
DA:11,0
DA:12,0
DA:13,0
DA:14,0
DA:15,0
DA:16,0
DA:17,0
DA:18,0
DA:19,0
DA:20,0
DA:21,0
DA:22,0
DA:23,0
DA:24,0
DA:25,0
DA:26,0
DA:27,0
DA:28,0
DA:29,0
DA:30,0
DA:31,0
DA:32,0
DA:33,0
DA:34,0
DA:35,0
DA:36,0
DA:37,0
DA:38,0
DA:39,0
DA:40,0
DA:41,0
DA:42,0
DA:43,0
DA:44,0
DA:45,0
DA:46,0
DA:47,0
DA:48,0
DA:49,0
DA:50,0
DA:51,0
DA:52,0
DA:53,0
DA:54,0
DA:55,0
DA:56,0
DA:57,0
DA:58,0
DA:59,0
DA:60,0
DA:61,0
DA:62,0
DA:63,0
DA:64,0
DA:65,0
DA:66,0
DA:67,0
DA:68,0
DA:69,0
DA:70,0
DA:71,0
DA:72,0
DA:73,0
DA:74,0
DA:75,0
DA:76,0
DA:77,0
DA:78,0
DA:79,0
DA:80,0
DA:81,0
DA:82,0
DA:83,0
DA:84,0
DA:85,0
DA:86,0
DA:87,0
DA:88,0
DA:89,0
DA:90,0
DA:91,0
DA:92,0
DA:93,0
DA:94,0
DA:95,0
LF:95
LH:0
BRDA:1,0,0,0
BRF:1
BRH:0
end_of_record
TN:
SF:middleware/seeder.js
FN:1,(empty-report)
FNF:1
FNH:0
FNDA:0,(empty-report)
DA:1,0
DA:2,0
DA:3,0
DA:4,0
DA:5,0
DA:6,0
DA:7,0
DA:8,0
DA:9,0
DA:10,0
DA:11,0
DA:12,0
DA:13,0
DA:14,0
DA:15,0
DA:16,0
DA:17,0
DA:18,0
DA:19,0
DA:20,0
DA:21,0
DA:22,0
DA:23,0
DA:24,0
DA:25,0
DA:26,0
DA:27,0
DA:28,0
DA:29,0
DA:30,0
DA:31,0
DA:32,0
DA:33,0
DA:34,0
DA:35,0
DA:36,0
DA:37,0
DA:38,0
DA:39,0
DA:40,0
DA:41,0
DA:42,0
DA:43,0
DA:44,0
DA:45,0
DA:46,0
DA:47,0
DA:48,0
DA:49,0
DA:50,0
DA:51,0
DA:52,0
DA:53,0
DA:54,0
DA:55,0
DA:56,0
DA:57,0
DA:58,0
DA:59,0
DA:60,0
DA:61,0
DA:62,0
DA:63,0
DA:64,0
DA:65,0
DA:66,0
DA:67,0
DA:68,0
DA:69,0
DA:70,0
DA:71,0
DA:72,0
DA:73,0
DA:74,0
DA:75,0
DA:76,0
DA:77,0
DA:78,0
DA:79,0
DA:80,0
DA:81,0
DA:82,0
DA:83,0
DA:84,0
DA:85,0
DA:86,0
DA:87,0
DA:88,0
DA:89,0
DA:90,0
DA:91,0
DA:92,0
DA:93,0
DA:94,0
DA:95,0
DA:96,0
DA:97,0
DA:98,0
DA:99,0
DA:100,0
DA:101,0
DA:102,0
DA:103,0
DA:104,0
DA:105,0
DA:106,0
DA:107,0
DA:108,0
DA:109,0
DA:110,0
DA:111,0
DA:112,0
DA:113,0
DA:114,0
DA:115,0
DA:116,0
DA:117,0
DA:118,0
DA:119,0
DA:120,0
DA:121,0
DA:122,0
DA:123,0
DA:124,0
DA:125,0
DA:126,0
DA:127,0
DA:128,0
DA:129,0
DA:130,0
DA:131,0
DA:132,0
DA:133,0
DA:134,0
DA:135,0
DA:136,0
DA:137,0
DA:138,0
DA:139,0
DA:140,0
DA:141,0
DA:142,0
DA:143,0
DA:144,0
DA:145,0
DA:146,0
DA:147,0
DA:148,0
DA:149,0
DA:150,0
DA:151,0
DA:152,0
DA:153,0
DA:154,0
DA:155,0
DA:156,0
DA:157,0
DA:158,0
DA:159,0
DA:160,0
DA:161,0
DA:162,0
DA:163,0
DA:164,0
DA:165,0
DA:166,0
DA:167,0
DA:168,0
DA:169,0
DA:170,0
DA:171,0
DA:172,0
DA:173,0
DA:174,0
DA:175,0
DA:176,0
DA:177,0
DA:178,0
DA:179,0
DA:180,0
DA:181,0
DA:182,0
DA:183,0
DA:184,0
DA:185,0
DA:186,0
DA:187,0
DA:188,0
DA:189,0
DA:190,0
DA:191,0
DA:192,0
DA:193,0
DA:194,0
DA:195,0
DA:196,0
DA:197,0
DA:198,0
DA:199,0
DA:200,0
DA:201,0
DA:202,0
DA:203,0
DA:204,0
DA:205,0
DA:206,0
DA:207,0
DA:208,0
DA:209,0
DA:210,0
DA:211,0
DA:212,0
DA:213,0
DA:214,0
DA:215,0
DA:216,0
DA:217,0
DA:218,0
LF:218
LH:0
BRDA:1,0,0,0
BRF:1
BRH:0
end_of_record
TN:
SF:routes/address.js
FN:1,(empty-report)
FNF:1
FNH:0
FNDA:0,(empty-report)
DA:1,0
DA:2,0
DA:3,0
DA:4,0
DA:5,0
DA:6,0
DA:7,0
DA:8,0
DA:9,0
DA:10,0
DA:11,0
DA:12,0
DA:13,0
DA:14,0
DA:15,0
DA:16,0
DA:17,0
DA:18,0
DA:19,0
DA:20,0
DA:21,0
LF:21
LH:0
BRDA:1,0,0,0
BRF:1
BRH:0
end_of_record
TN:
SF:routes/comment.js
FN:1,(empty-report)
FNF:1
FNH:0
FNDA:0,(empty-report)
DA:1,0
DA:2,0
DA:3,0
DA:4,0
DA:5,0
DA:6,0
DA:7,0
DA:8,0
DA:9,0
DA:10,0
DA:11,0
DA:12,0
DA:13,0
DA:14,0
DA:15,0
DA:16,0
DA:17,0
DA:18,0
DA:19,0
DA:20,0
DA:21,0
DA:22,0
LF:22
LH:0
BRDA:1,0,0,0
BRF:1
BRH:0
end_of_record
TN:
SF:routes/plant.js
FN:1,(empty-report)
FNF:1
FNH:0
FNDA:0,(empty-report)
DA:1,0
DA:2,0
DA:3,0
DA:4,0
DA:5,0
DA:6,0
DA:7,0
DA:8,0
DA:9,0
DA:10,0
DA:11,0
DA:12,0
DA:13,0
DA:14,0
DA:15,0
DA:16,0
DA:17,0
DA:18,0
DA:19,0
DA:20,0
DA:21,0
DA:22,0
DA:23,0
DA:24,0
DA:25,0
DA:26,0
DA:27,0
DA:28,0
DA:29,0
DA:30,0
DA:31,0
DA:32,0
DA:33,0
DA:34,0
DA:35,0
DA:36,0
LF:36
LH:0
BRDA:1,0,0,0
BRF:1
BRH:0
end_of_record
TN:
SF:routes/user.js
FN:1,(empty-report)
FNF:1
FNH:0
FNDA:0,(empty-report)
DA:1,0
DA:2,0
DA:3,0
DA:4,0
DA:5,0
DA:6,0
DA:7,0
DA:8,0
DA:9,0
DA:10,0
DA:11,0
DA:12,0
DA:13,0
DA:14,0
DA:15,0
DA:16,0
DA:17,0
DA:18,0
DA:19,0
DA:20,0
DA:21,0
DA:22,0
DA:23,0
DA:24,0
DA:25,0
DA:26,0
DA:27,0
DA:28,0
DA:29,0
DA:30,0
DA:31,0
DA:32,0
DA:33,0
LF:33
LH:0
BRDA:1,0,0,0
BRF:1
BRH:0
end_of_record
